[2025-07-30T12:03:43.726+0000] {local_task_job_runner.py:120} INFO - ::group::Pre task execution logs
[2025-07-30T12:03:43.848+0000] {taskinstance.py:2073} INFO - Dependencies all met for dep_context=non-requeueable deps ti=<TaskInstance: Premier_dag.end manual__2025-07-30T11:55:27.920950+00:00 [queued]>
[2025-07-30T12:03:43.859+0000] {taskinstance.py:2073} INFO - Dependencies all met for dep_context=requeueable deps ti=<TaskInstance: Premier_dag.end manual__2025-07-30T11:55:27.920950+00:00 [queued]>
[2025-07-30T12:03:43.859+0000] {taskinstance.py:2303} INFO - Starting attempt 1 of 1
[2025-07-30T12:03:43.872+0000] {taskinstance.py:2327} INFO - Executing <Task(BashOperator): end> on 2025-07-30 11:55:27.920950+00:00
[2025-07-30T12:03:43.878+0000] {standard_task_runner.py:63} INFO - Started process 139 to run task
[2025-07-30T12:03:43.881+0000] {standard_task_runner.py:90} INFO - Running: ['***', 'tasks', 'run', 'Premier_dag', 'end', 'manual__2025-07-30T11:55:27.920950+00:00', '--job-id', '8', '--raw', '--subdir', 'DAGS_FOLDER/PremierDagLake.py', '--cfg-path', '/tmp/tmpyn9tzrdf']
[2025-07-30T12:03:43.882+0000] {standard_task_runner.py:91} INFO - Job 8: Subtask end
[2025-07-30T12:03:43.896+0000] {logging_mixin.py:188} WARNING - /home/***/.local/lib/python3.12/site-packages/***/settings.py:195 DeprecationWarning: The sql_alchemy_conn option in [core] has been moved to the sql_alchemy_conn option in [database] - the old setting has been used, but please update your config.
[2025-07-30T12:03:43.926+0000] {task_command.py:426} INFO - Running <TaskInstance: Premier_dag.end manual__2025-07-30T11:55:27.920950+00:00 [running]> on host efcfcf1ad359
[2025-07-30T12:03:44.027+0000] {taskinstance.py:2644} INFO - Exporting env vars: AIRFLOW_CTX_DAG_OWNER='***' AIRFLOW_CTX_DAG_ID='Premier_dag' AIRFLOW_CTX_TASK_ID='end' AIRFLOW_CTX_EXECUTION_DATE='2025-07-30T11:55:27.920950+00:00' AIRFLOW_CTX_TRY_NUMBER='1' AIRFLOW_CTX_DAG_RUN_ID='manual__2025-07-30T11:55:27.920950+00:00'
[2025-07-30T12:03:44.029+0000] {taskinstance.py:430} INFO - ::endgroup::
[2025-07-30T12:03:44.030+0000] {subprocess.py:63} INFO - Tmp dir root location: /tmp
[2025-07-30T12:03:44.030+0000] {subprocess.py:75} INFO - Running command: ['/usr/bin/bash', '-c', 'echo fin - love and peace']
[2025-07-30T12:03:44.043+0000] {subprocess.py:86} INFO - Output:
[2025-07-30T12:03:44.045+0000] {subprocess.py:93} INFO - fin - love and peace
[2025-07-30T12:03:44.046+0000] {subprocess.py:97} INFO - Command exited with return code 0
[2025-07-30T12:03:44.046+0000] {taskinstance.py:441} INFO - ::group::Post task execution logs
[2025-07-30T12:03:44.081+0000] {taskinstance.py:1205} INFO - Marking task as SUCCESS. dag_id=Premier_dag, task_id=end, execution_date=20250730T115527, start_date=20250730T120343, end_date=20250730T120344
[2025-07-30T12:03:44.133+0000] {local_task_job_runner.py:240} INFO - Task exited with return code 0
[2025-07-30T12:03:44.159+0000] {taskinstance.py:3482} INFO - 0 downstream tasks scheduled from follow-on schedule check
[2025-07-30T12:03:44.162+0000] {local_task_job_runner.py:222} INFO - ::endgroup::
