[2025-08-20T13:11:05.307+0000] {manager.py:470} INFO - Processing files using up to 2 processes at a time 
[2025-08-20T13:11:05.307+0000] {manager.py:471} INFO - Process each file at most once every 30 seconds
[2025-08-20T13:11:05.308+0000] {manager.py:472} INFO - Checking for new files in /opt/airflow/dags every 300 seconds
[2025-08-20T13:11:05.308+0000] {manager.py:737} INFO - Searching for files in /opt/airflow/dags
[2025-08-20T13:11:05.310+0000] {manager.py:740} INFO - There are 1 files in /opt/airflow/dags
[2025-08-20T13:11:05.442+0000] {manager.py:878} INFO - 
================================================================================
DAG File Processing Stats

File Path                              PID  Runtime      # DAGs    # Errors  Last Runtime    Last Run
-----------------------------------  -----  ---------  --------  ----------  --------------  ----------
/opt/airflow/dags/PremierDagLake.py     30  0.03s             0           0
================================================================================
[2025-08-20T13:11:35.585+0000] {manager.py:878} INFO - 
================================================================================
DAG File Processing Stats

File Path                            PID    Runtime      # DAGs    # Errors  Last Runtime    Last Run
-----------------------------------  -----  ---------  --------  ----------  --------------  -------------------
/opt/airflow/dags/PremierDagLake.py                           1           0  1.54s           2025-08-20T13:11:06
================================================================================
[2025-08-20T13:12:05.737+0000] {manager.py:878} INFO - 
================================================================================
DAG File Processing Stats

File Path                            PID    Runtime      # DAGs    # Errors  Last Runtime    Last Run
-----------------------------------  -----  ---------  --------  ----------  --------------  -------------------
/opt/airflow/dags/PremierDagLake.py                           1           0  0.84s           2025-08-20T13:11:37
================================================================================
[2025-08-20T13:12:36.255+0000] {manager.py:878} INFO - 
================================================================================
DAG File Processing Stats

File Path                            PID    Runtime      # DAGs    # Errors  Last Runtime    Last Run
-----------------------------------  -----  ---------  --------  ----------  --------------  -------------------
/opt/airflow/dags/PremierDagLake.py                           1           0  0.46s           2025-08-20T13:12:08
================================================================================
[2025-08-20T13:13:06.860+0000] {manager.py:878} INFO - 
================================================================================
DAG File Processing Stats

File Path                            PID    Runtime      # DAGs    # Errors  Last Runtime    Last Run
-----------------------------------  -----  ---------  --------  ----------  --------------  -------------------
/opt/airflow/dags/PremierDagLake.py                           1           0  0.37s           2025-08-20T13:12:39
================================================================================
[2025-08-20T13:13:37.375+0000] {manager.py:878} INFO - 
================================================================================
DAG File Processing Stats

File Path                            PID    Runtime      # DAGs    # Errors  Last Runtime    Last Run
-----------------------------------  -----  ---------  --------  ----------  --------------  -------------------
/opt/airflow/dags/PremierDagLake.py                           1           0  0.40s           2025-08-20T13:13:09
================================================================================
[2025-08-20T13:14:07.391+0000] {manager.py:878} INFO - 
================================================================================
DAG File Processing Stats

File Path                            PID    Runtime      # DAGs    # Errors  Last Runtime    Last Run
-----------------------------------  -----  ---------  --------  ----------  --------------  -------------------
/opt/airflow/dags/PremierDagLake.py                           1           0  0.47s           2025-08-20T13:13:40
================================================================================
[2025-08-20T13:14:37.586+0000] {manager.py:878} INFO - 
================================================================================
DAG File Processing Stats

File Path                            PID    Runtime      # DAGs    # Errors  Last Runtime    Last Run
-----------------------------------  -----  ---------  --------  ----------  --------------  -------------------
/opt/airflow/dags/PremierDagLake.py                           1           0  0.39s           2025-08-20T13:14:10
================================================================================
[2025-08-20T13:15:08.120+0000] {manager.py:878} INFO - 
================================================================================
DAG File Processing Stats

File Path                            PID    Runtime      # DAGs    # Errors  Last Runtime    Last Run
-----------------------------------  -----  ---------  --------  ----------  --------------  -------------------
/opt/airflow/dags/PremierDagLake.py                           1           0  0.42s           2025-08-20T13:14:41
================================================================================
[2025-08-20T13:15:38.707+0000] {manager.py:878} INFO - 
================================================================================
DAG File Processing Stats

File Path                            PID    Runtime      # DAGs    # Errors  Last Runtime    Last Run
-----------------------------------  -----  ---------  --------  ----------  --------------  -------------------
/opt/airflow/dags/PremierDagLake.py                           1           0  0.39s           2025-08-20T13:15:11
================================================================================
[2025-08-20T13:16:05.617+0000] {manager.py:737} INFO - Searching for files in /opt/airflow/dags
[2025-08-20T13:16:05.619+0000] {manager.py:740} INFO - There are 1 files in /opt/airflow/dags
[2025-08-20T13:16:09.245+0000] {manager.py:878} INFO - 
================================================================================
DAG File Processing Stats

File Path                            PID    Runtime      # DAGs    # Errors  Last Runtime    Last Run
-----------------------------------  -----  ---------  --------  ----------  --------------  -------------------
/opt/airflow/dags/PremierDagLake.py                           1           0  0.42s           2025-08-20T13:15:42
================================================================================
[2025-08-20T13:16:39.277+0000] {manager.py:878} INFO - 
================================================================================
DAG File Processing Stats

File Path                            PID    Runtime      # DAGs    # Errors  Last Runtime    Last Run
-----------------------------------  -----  ---------  --------  ----------  --------------  -------------------
/opt/airflow/dags/PremierDagLake.py                           1           0  0.48s           2025-08-20T13:16:13
================================================================================
[2025-08-20T13:16:54.208+0000] {manager.py:470} INFO - Processing files using up to 2 processes at a time 
[2025-08-20T13:16:54.208+0000] {manager.py:471} INFO - Process each file at most once every 30 seconds
[2025-08-20T13:16:54.208+0000] {manager.py:472} INFO - Checking for new files in /opt/airflow/dags every 300 seconds
[2025-08-20T13:16:54.208+0000] {manager.py:737} INFO - Searching for files in /opt/airflow/dags
[2025-08-20T13:16:54.210+0000] {manager.py:740} INFO - There are 1 files in /opt/airflow/dags
[2025-08-20T13:16:54.299+0000] {manager.py:878} INFO - 
================================================================================
DAG File Processing Stats

File Path                              PID  Runtime      # DAGs    # Errors  Last Runtime    Last Run
-----------------------------------  -----  ---------  --------  ----------  --------------  ----------
/opt/airflow/dags/PremierDagLake.py     30  0.04s             0           0
================================================================================
[2025-08-20T13:17:13.238+0000] {manager.py:470} INFO - Processing files using up to 2 processes at a time 
[2025-08-20T13:17:13.239+0000] {manager.py:471} INFO - Process each file at most once every 30 seconds
[2025-08-20T13:17:13.240+0000] {manager.py:472} INFO - Checking for new files in /opt/airflow/dags every 300 seconds
[2025-08-20T13:17:13.240+0000] {manager.py:737} INFO - Searching for files in /opt/airflow/dags
[2025-08-20T13:17:13.242+0000] {manager.py:740} INFO - There are 1 files in /opt/airflow/dags
[2025-08-20T13:17:13.391+0000] {manager.py:878} INFO - 
================================================================================
DAG File Processing Stats

File Path                              PID  Runtime      # DAGs    # Errors  Last Runtime    Last Run
-----------------------------------  -----  ---------  --------  ----------  --------------  ----------
/opt/airflow/dags/PremierDagLake.py     30  0.05s             0           0
================================================================================
[2025-08-20T13:17:43.523+0000] {manager.py:878} INFO - 
================================================================================
DAG File Processing Stats

File Path                            PID    Runtime      # DAGs    # Errors  Last Runtime    Last Run
-----------------------------------  -----  ---------  --------  ----------  --------------  -------------------
/opt/airflow/dags/PremierDagLake.py                           1           0  1.68s           2025-08-20T13:17:15
================================================================================
[2025-08-20T13:18:13.677+0000] {manager.py:878} INFO - 
================================================================================
DAG File Processing Stats

File Path                            PID    Runtime      # DAGs    # Errors  Last Runtime    Last Run
-----------------------------------  -----  ---------  --------  ----------  --------------  -------------------
/opt/airflow/dags/PremierDagLake.py                           1           0  0.55s           2025-08-20T13:17:45
================================================================================
[2025-08-20T13:18:44.045+0000] {manager.py:878} INFO - 
================================================================================
DAG File Processing Stats

File Path                            PID    Runtime      # DAGs    # Errors  Last Runtime    Last Run
-----------------------------------  -----  ---------  --------  ----------  --------------  -------------------
/opt/airflow/dags/PremierDagLake.py                           1           0  0.39s           2025-08-20T13:18:16
================================================================================
[2025-08-20T13:19:14.602+0000] {manager.py:878} INFO - 
================================================================================
DAG File Processing Stats

File Path                            PID    Runtime      # DAGs    # Errors  Last Runtime    Last Run
-----------------------------------  -----  ---------  --------  ----------  --------------  -------------------
/opt/airflow/dags/PremierDagLake.py                           1           0  0.45s           2025-08-20T13:18:46
================================================================================
[2025-08-20T13:19:44.606+0000] {manager.py:878} INFO - 
================================================================================
DAG File Processing Stats

File Path                            PID    Runtime      # DAGs    # Errors  Last Runtime    Last Run
-----------------------------------  -----  ---------  --------  ----------  --------------  -------------------
/opt/airflow/dags/PremierDagLake.py                           1           0  0.42s           2025-08-20T13:19:17
================================================================================
[2025-08-20T13:20:14.768+0000] {manager.py:878} INFO - 
================================================================================
DAG File Processing Stats

File Path                            PID    Runtime      # DAGs    # Errors  Last Runtime    Last Run
-----------------------------------  -----  ---------  --------  ----------  --------------  -------------------
/opt/airflow/dags/PremierDagLake.py                           1           0  0.38s           2025-08-20T13:19:48
================================================================================
[2025-08-20T13:20:45.300+0000] {manager.py:878} INFO - 
================================================================================
DAG File Processing Stats

File Path                            PID    Runtime      # DAGs    # Errors  Last Runtime    Last Run
-----------------------------------  -----  ---------  --------  ----------  --------------  -------------------
/opt/airflow/dags/PremierDagLake.py                           1           0  0.40s           2025-08-20T13:20:18
================================================================================
[2025-08-20T13:21:15.852+0000] {manager.py:878} INFO - 
================================================================================
DAG File Processing Stats

File Path                            PID    Runtime      # DAGs    # Errors  Last Runtime    Last Run
-----------------------------------  -----  ---------  --------  ----------  --------------  -------------------
/opt/airflow/dags/PremierDagLake.py                           1           0  0.38s           2025-08-20T13:20:49
================================================================================
[2025-08-20T13:21:46.415+0000] {manager.py:878} INFO - 
================================================================================
DAG File Processing Stats

File Path                            PID    Runtime      # DAGs    # Errors  Last Runtime    Last Run
-----------------------------------  -----  ---------  --------  ----------  --------------  -------------------
/opt/airflow/dags/PremierDagLake.py                           1           0  0.43s           2025-08-20T13:21:19
================================================================================
[2025-08-20T13:22:13.369+0000] {manager.py:737} INFO - Searching for files in /opt/airflow/dags
[2025-08-20T13:22:13.372+0000] {manager.py:740} INFO - There are 1 files in /opt/airflow/dags
[2025-08-20T13:22:16.991+0000] {manager.py:878} INFO - 
================================================================================
DAG File Processing Stats

File Path                            PID    Runtime      # DAGs    # Errors  Last Runtime    Last Run
-----------------------------------  -----  ---------  --------  ----------  --------------  -------------------
/opt/airflow/dags/PremierDagLake.py                           1           0  0.40s           2025-08-20T13:21:50
================================================================================
[2025-08-20T13:22:47.565+0000] {manager.py:878} INFO - 
================================================================================
DAG File Processing Stats

File Path                            PID    Runtime      # DAGs    # Errors  Last Runtime    Last Run
-----------------------------------  -----  ---------  --------  ----------  --------------  -------------------
/opt/airflow/dags/PremierDagLake.py                           1           0  0.42s           2025-08-20T13:22:20
================================================================================
[2025-08-20T13:23:18.143+0000] {manager.py:878} INFO - 
================================================================================
DAG File Processing Stats

File Path                            PID    Runtime      # DAGs    # Errors  Last Runtime    Last Run
-----------------------------------  -----  ---------  --------  ----------  --------------  -------------------
/opt/airflow/dags/PremierDagLake.py                           1           0  0.37s           2025-08-20T13:22:51
================================================================================
[2025-08-20T13:23:48.683+0000] {manager.py:878} INFO - 
================================================================================
DAG File Processing Stats

File Path                            PID    Runtime      # DAGs    # Errors  Last Runtime    Last Run
-----------------------------------  -----  ---------  --------  ----------  --------------  -------------------
/opt/airflow/dags/PremierDagLake.py                           1           0  0.43s           2025-08-20T13:23:21
================================================================================
[2025-08-20T13:24:18.715+0000] {manager.py:878} INFO - 
================================================================================
DAG File Processing Stats

File Path                            PID    Runtime      # DAGs    # Errors  Last Runtime    Last Run
-----------------------------------  -----  ---------  --------  ----------  --------------  -------------------
/opt/airflow/dags/PremierDagLake.py                           1           0  0.43s           2025-08-20T13:23:52
================================================================================
[2025-08-20T13:24:48.882+0000] {manager.py:878} INFO - 
================================================================================
DAG File Processing Stats

File Path                            PID    Runtime      # DAGs    # Errors  Last Runtime    Last Run
-----------------------------------  -----  ---------  --------  ----------  --------------  -------------------
/opt/airflow/dags/PremierDagLake.py                           1           0  0.43s           2025-08-20T13:24:23
================================================================================
[2025-08-20T13:25:18.980+0000] {manager.py:878} INFO - 
================================================================================
DAG File Processing Stats

File Path                            PID    Runtime      # DAGs    # Errors  Last Runtime    Last Run
-----------------------------------  -----  ---------  --------  ----------  --------------  -------------------
/opt/airflow/dags/PremierDagLake.py                           1           0  0.50s           2025-08-20T13:24:53
================================================================================
[2025-08-20T13:25:49.145+0000] {manager.py:878} INFO - 
================================================================================
DAG File Processing Stats

File Path                            PID    Runtime      # DAGs    # Errors  Last Runtime    Last Run
-----------------------------------  -----  ---------  --------  ----------  --------------  -------------------
/opt/airflow/dags/PremierDagLake.py                           1           0  0.40s           2025-08-20T13:25:24
================================================================================
[2025-08-20T13:26:19.712+0000] {manager.py:878} INFO - 
================================================================================
DAG File Processing Stats

File Path                            PID    Runtime      # DAGs    # Errors  Last Runtime    Last Run
-----------------------------------  -----  ---------  --------  ----------  --------------  -------------------
/opt/airflow/dags/PremierDagLake.py                           1           0  0.39s           2025-08-20T13:25:54
================================================================================
[2025-08-20T13:26:50.258+0000] {manager.py:878} INFO - 
================================================================================
DAG File Processing Stats

File Path                            PID    Runtime      # DAGs    # Errors  Last Runtime    Last Run
-----------------------------------  -----  ---------  --------  ----------  --------------  -------------------
/opt/airflow/dags/PremierDagLake.py                           1           0  0.38s           2025-08-20T13:26:25
================================================================================
[2025-08-20T13:27:13.738+0000] {manager.py:737} INFO - Searching for files in /opt/airflow/dags
[2025-08-20T13:27:13.741+0000] {manager.py:740} INFO - There are 1 files in /opt/airflow/dags
[2025-08-20T13:27:20.789+0000] {manager.py:878} INFO - 
================================================================================
DAG File Processing Stats

File Path                            PID    Runtime      # DAGs    # Errors  Last Runtime    Last Run
-----------------------------------  -----  ---------  --------  ----------  --------------  -------------------
/opt/airflow/dags/PremierDagLake.py                           1           0  0.47s           2025-08-20T13:26:56
================================================================================
[2025-08-20T13:27:51.414+0000] {manager.py:878} INFO - 
================================================================================
DAG File Processing Stats

File Path                            PID    Runtime      # DAGs    # Errors  Last Runtime    Last Run
-----------------------------------  -----  ---------  --------  ----------  --------------  -------------------
/opt/airflow/dags/PremierDagLake.py                           1           0  0.37s           2025-08-20T13:27:26
================================================================================
[2025-08-20T13:28:21.952+0000] {manager.py:878} INFO - 
================================================================================
DAG File Processing Stats

File Path                            PID    Runtime      # DAGs    # Errors  Last Runtime    Last Run
-----------------------------------  -----  ---------  --------  ----------  --------------  -------------------
/opt/airflow/dags/PremierDagLake.py                           1           0  0.42s           2025-08-20T13:27:57
================================================================================
[2025-08-20T13:28:52.528+0000] {manager.py:878} INFO - 
================================================================================
DAG File Processing Stats

File Path                            PID    Runtime      # DAGs    # Errors  Last Runtime    Last Run
-----------------------------------  -----  ---------  --------  ----------  --------------  -------------------
/opt/airflow/dags/PremierDagLake.py                           1           0  0.43s           2025-08-20T13:28:27
================================================================================
[2025-08-20T13:29:22.556+0000] {manager.py:878} INFO - 
================================================================================
DAG File Processing Stats

File Path                            PID    Runtime      # DAGs    # Errors  Last Runtime    Last Run
-----------------------------------  -----  ---------  --------  ----------  --------------  -------------------
/opt/airflow/dags/PremierDagLake.py                           1           0  0.44s           2025-08-20T13:28:58
================================================================================
[2025-08-20T13:29:52.740+0000] {manager.py:878} INFO - 
================================================================================
DAG File Processing Stats

File Path                            PID    Runtime      # DAGs    # Errors  Last Runtime    Last Run
-----------------------------------  -----  ---------  --------  ----------  --------------  -------------------
/opt/airflow/dags/PremierDagLake.py                           1           0  0.38s           2025-08-20T13:29:28
================================================================================
[2025-08-20T13:30:23.271+0000] {manager.py:878} INFO - 
================================================================================
DAG File Processing Stats

File Path                            PID    Runtime      # DAGs    # Errors  Last Runtime    Last Run
-----------------------------------  -----  ---------  --------  ----------  --------------  -------------------
/opt/airflow/dags/PremierDagLake.py                           1           0  0.38s           2025-08-20T13:29:59
================================================================================
[2025-08-20T13:30:53.780+0000] {manager.py:878} INFO - 
================================================================================
DAG File Processing Stats

File Path                            PID    Runtime      # DAGs    # Errors  Last Runtime    Last Run
-----------------------------------  -----  ---------  --------  ----------  --------------  -------------------
/opt/airflow/dags/PremierDagLake.py                           1           0  0.48s           2025-08-20T13:30:30
================================================================================
[2025-08-20T13:31:23.829+0000] {manager.py:878} INFO - 
================================================================================
DAG File Processing Stats

File Path                            PID    Runtime      # DAGs    # Errors  Last Runtime    Last Run
-----------------------------------  -----  ---------  --------  ----------  --------------  -------------------
/opt/airflow/dags/PremierDagLake.py                           1           0  0.42s           2025-08-20T13:31:00
================================================================================
[2025-08-20T13:31:53.995+0000] {manager.py:878} INFO - 
================================================================================
DAG File Processing Stats

File Path                            PID    Runtime      # DAGs    # Errors  Last Runtime    Last Run
-----------------------------------  -----  ---------  --------  ----------  --------------  -------------------
/opt/airflow/dags/PremierDagLake.py                           1           0  0.37s           2025-08-20T13:31:31
================================================================================
[2025-08-20T13:32:13.839+0000] {manager.py:737} INFO - Searching for files in /opt/airflow/dags
[2025-08-20T13:32:13.842+0000] {manager.py:740} INFO - There are 1 files in /opt/airflow/dags
[2025-08-20T13:32:24.525+0000] {manager.py:878} INFO - 
================================================================================
DAG File Processing Stats

File Path                            PID    Runtime      # DAGs    # Errors  Last Runtime    Last Run
-----------------------------------  -----  ---------  --------  ----------  --------------  -------------------
/opt/airflow/dags/PremierDagLake.py                           1           0  0.38s           2025-08-20T13:32:01
================================================================================
[2025-08-20T13:32:55.049+0000] {manager.py:878} INFO - 
================================================================================
DAG File Processing Stats

File Path                            PID    Runtime      # DAGs    # Errors  Last Runtime    Last Run
-----------------------------------  -----  ---------  --------  ----------  --------------  -------------------
/opt/airflow/dags/PremierDagLake.py                           1           0  0.42s           2025-08-20T13:32:32
================================================================================
[2025-08-20T13:33:25.092+0000] {manager.py:878} INFO - 
================================================================================
DAG File Processing Stats

File Path                            PID    Runtime      # DAGs    # Errors  Last Runtime    Last Run
-----------------------------------  -----  ---------  --------  ----------  --------------  -------------------
/opt/airflow/dags/PremierDagLake.py                           1           0  0.45s           2025-08-20T13:33:02
================================================================================
[2025-08-20T13:33:55.265+0000] {manager.py:878} INFO - 
================================================================================
DAG File Processing Stats

File Path                            PID    Runtime      # DAGs    # Errors  Last Runtime    Last Run
-----------------------------------  -----  ---------  --------  ----------  --------------  -------------------
/opt/airflow/dags/PremierDagLake.py                           1           0  0.46s           2025-08-20T13:33:33
================================================================================
[2025-08-20T13:34:25.276+0000] {manager.py:878} INFO - 
================================================================================
DAG File Processing Stats

File Path                            PID    Runtime      # DAGs    # Errors  Last Runtime    Last Run
-----------------------------------  -----  ---------  --------  ----------  --------------  -------------------
/opt/airflow/dags/PremierDagLake.py                           1           0  0.40s           2025-08-20T13:34:04
================================================================================
[2025-08-20T13:34:55.454+0000] {manager.py:878} INFO - 
================================================================================
DAG File Processing Stats

File Path                            PID    Runtime      # DAGs    # Errors  Last Runtime    Last Run
-----------------------------------  -----  ---------  --------  ----------  --------------  -------------------
/opt/airflow/dags/PremierDagLake.py                           1           0  0.40s           2025-08-20T13:34:34
================================================================================
[2025-08-20T13:35:26.010+0000] {manager.py:878} INFO - 
================================================================================
DAG File Processing Stats

File Path                            PID    Runtime      # DAGs    # Errors  Last Runtime    Last Run
-----------------------------------  -----  ---------  --------  ----------  --------------  -------------------
/opt/airflow/dags/PremierDagLake.py                           1           0  0.43s           2025-08-20T13:35:05
================================================================================
[2025-08-20T13:35:56.600+0000] {manager.py:878} INFO - 
================================================================================
DAG File Processing Stats

File Path                            PID    Runtime      # DAGs    # Errors  Last Runtime    Last Run
-----------------------------------  -----  ---------  --------  ----------  --------------  -------------------
/opt/airflow/dags/PremierDagLake.py                           1           0  0.40s           2025-08-20T13:35:35
================================================================================
[2025-08-20T13:36:27.168+0000] {manager.py:878} INFO - 
================================================================================
DAG File Processing Stats

File Path                            PID    Runtime      # DAGs    # Errors  Last Runtime    Last Run
-----------------------------------  -----  ---------  --------  ----------  --------------  -------------------
/opt/airflow/dags/PremierDagLake.py                           1           0  0.40s           2025-08-20T13:36:06
================================================================================
[2025-08-20T13:36:57.726+0000] {manager.py:878} INFO - 
================================================================================
DAG File Processing Stats

File Path                            PID    Runtime      # DAGs    # Errors  Last Runtime    Last Run
-----------------------------------  -----  ---------  --------  ----------  --------------  -------------------
/opt/airflow/dags/PremierDagLake.py                           1           0  0.41s           2025-08-20T13:36:37
================================================================================
[2025-08-20T13:37:14.210+0000] {manager.py:737} INFO - Searching for files in /opt/airflow/dags
[2025-08-20T13:37:14.213+0000] {manager.py:740} INFO - There are 1 files in /opt/airflow/dags
[2025-08-20T13:37:28.297+0000] {manager.py:878} INFO - 
================================================================================
DAG File Processing Stats

File Path                            PID    Runtime      # DAGs    # Errors  Last Runtime    Last Run
-----------------------------------  -----  ---------  --------  ----------  --------------  -------------------
/opt/airflow/dags/PremierDagLake.py                           1           0  0.39s           2025-08-20T13:37:07
================================================================================
[2025-08-20T13:37:58.844+0000] {manager.py:878} INFO - 
================================================================================
DAG File Processing Stats

File Path                            PID    Runtime      # DAGs    # Errors  Last Runtime    Last Run
-----------------------------------  -----  ---------  --------  ----------  --------------  -------------------
/opt/airflow/dags/PremierDagLake.py                           1           0  0.40s           2025-08-20T13:37:38
================================================================================
[2025-08-20T13:38:29.414+0000] {manager.py:878} INFO - 
================================================================================
DAG File Processing Stats

File Path                            PID    Runtime      # DAGs    # Errors  Last Runtime    Last Run
-----------------------------------  -----  ---------  --------  ----------  --------------  -------------------
/opt/airflow/dags/PremierDagLake.py                           1           0  0.44s           2025-08-20T13:38:08
================================================================================
[2025-08-20T13:39:00.022+0000] {manager.py:878} INFO - 
================================================================================
DAG File Processing Stats

File Path                            PID    Runtime      # DAGs    # Errors  Last Runtime    Last Run
-----------------------------------  -----  ---------  --------  ----------  --------------  -------------------
/opt/airflow/dags/PremierDagLake.py                           1           0  0.40s           2025-08-20T13:38:39
================================================================================
[2025-08-20T13:39:30.181+0000] {manager.py:878} INFO - 
================================================================================
DAG File Processing Stats

File Path                            PID    Runtime      # DAGs    # Errors  Last Runtime    Last Run
-----------------------------------  -----  ---------  --------  ----------  --------------  -------------------
/opt/airflow/dags/PremierDagLake.py                           1           0  0.87s           2025-08-20T13:39:10
================================================================================
[2025-08-20T13:40:00.598+0000] {manager.py:878} INFO - 
================================================================================
DAG File Processing Stats

File Path                            PID    Runtime      # DAGs    # Errors  Last Runtime    Last Run
-----------------------------------  -----  ---------  --------  ----------  --------------  -------------------
/opt/airflow/dags/PremierDagLake.py                           1           0  0.40s           2025-08-20T13:39:40
================================================================================
[2025-08-20T13:40:31.140+0000] {manager.py:878} INFO - 
================================================================================
DAG File Processing Stats

File Path                            PID    Runtime      # DAGs    # Errors  Last Runtime    Last Run
-----------------------------------  -----  ---------  --------  ----------  --------------  -------------------
/opt/airflow/dags/PremierDagLake.py                           1           0  0.40s           2025-08-20T13:40:11
================================================================================
[2025-08-20T13:41:01.729+0000] {manager.py:878} INFO - 
================================================================================
DAG File Processing Stats

File Path                            PID    Runtime      # DAGs    # Errors  Last Runtime    Last Run
-----------------------------------  -----  ---------  --------  ----------  --------------  -------------------
/opt/airflow/dags/PremierDagLake.py                           1           0  0.36s           2025-08-20T13:40:41
================================================================================
[2025-08-20T13:41:32.237+0000] {manager.py:878} INFO - 
================================================================================
DAG File Processing Stats

File Path                            PID    Runtime      # DAGs    # Errors  Last Runtime    Last Run
-----------------------------------  -----  ---------  --------  ----------  --------------  -------------------
/opt/airflow/dags/PremierDagLake.py                           1           0  0.40s           2025-08-20T13:41:12
================================================================================
[2025-08-20T13:42:02.788+0000] {manager.py:878} INFO - 
================================================================================
DAG File Processing Stats

File Path                            PID    Runtime      # DAGs    # Errors  Last Runtime    Last Run
-----------------------------------  -----  ---------  --------  ----------  --------------  -------------------
/opt/airflow/dags/PremierDagLake.py                           1           0  0.41s           2025-08-20T13:41:43
================================================================================
[2025-08-20T13:42:14.249+0000] {manager.py:737} INFO - Searching for files in /opt/airflow/dags
[2025-08-20T13:42:14.251+0000] {manager.py:740} INFO - There are 1 files in /opt/airflow/dags
[2025-08-20T13:42:32.855+0000] {manager.py:878} INFO - 
================================================================================
DAG File Processing Stats

File Path                            PID    Runtime      # DAGs    # Errors  Last Runtime    Last Run
-----------------------------------  -----  ---------  --------  ----------  --------------  -------------------
/opt/airflow/dags/PremierDagLake.py                           1           0  0.52s           2025-08-20T13:42:13
================================================================================
[2025-08-20T13:43:03.509+0000] {manager.py:878} INFO - 
================================================================================
DAG File Processing Stats

File Path                            PID    Runtime      # DAGs    # Errors  Last Runtime    Last Run
-----------------------------------  -----  ---------  --------  ----------  --------------  -------------------
/opt/airflow/dags/PremierDagLake.py                           1           0  0.75s           2025-08-20T13:42:44
================================================================================
[2025-08-20T13:43:33.934+0000] {manager.py:878} INFO - 
================================================================================
DAG File Processing Stats

File Path                            PID    Runtime      # DAGs    # Errors  Last Runtime    Last Run
-----------------------------------  -----  ---------  --------  ----------  --------------  -------------------
/opt/airflow/dags/PremierDagLake.py                           1           0  0.47s           2025-08-20T13:43:15
================================================================================
[2025-08-20T13:44:04.551+0000] {manager.py:878} INFO - 
================================================================================
DAG File Processing Stats

File Path                            PID    Runtime      # DAGs    # Errors  Last Runtime    Last Run
-----------------------------------  -----  ---------  --------  ----------  --------------  -------------------
/opt/airflow/dags/PremierDagLake.py                           1           0  0.39s           2025-08-20T13:43:45
================================================================================
[2025-08-20T13:44:35.089+0000] {manager.py:878} INFO - 
================================================================================
DAG File Processing Stats

File Path                            PID    Runtime      # DAGs    # Errors  Last Runtime    Last Run
-----------------------------------  -----  ---------  --------  ----------  --------------  -------------------
/opt/airflow/dags/PremierDagLake.py                           1           0  0.40s           2025-08-20T13:44:16
================================================================================
[2025-08-20T13:45:05.656+0000] {manager.py:878} INFO - 
================================================================================
DAG File Processing Stats

File Path                            PID    Runtime      # DAGs    # Errors  Last Runtime    Last Run
-----------------------------------  -----  ---------  --------  ----------  --------------  -------------------
/opt/airflow/dags/PremierDagLake.py                           1           0  0.38s           2025-08-20T13:44:46
================================================================================
[2025-08-20T13:45:36.211+0000] {manager.py:878} INFO - 
================================================================================
DAG File Processing Stats

File Path                            PID    Runtime      # DAGs    # Errors  Last Runtime    Last Run
-----------------------------------  -----  ---------  --------  ----------  --------------  -------------------
/opt/airflow/dags/PremierDagLake.py                           1           0  0.39s           2025-08-20T13:45:17
================================================================================
[2025-08-20T13:46:06.731+0000] {manager.py:878} INFO - 
================================================================================
DAG File Processing Stats

File Path                            PID    Runtime      # DAGs    # Errors  Last Runtime    Last Run
-----------------------------------  -----  ---------  --------  ----------  --------------  -------------------
/opt/airflow/dags/PremierDagLake.py                           1           0  0.41s           2025-08-20T13:45:48
================================================================================
[2025-08-20T13:46:37.322+0000] {manager.py:878} INFO - 
================================================================================
DAG File Processing Stats

File Path                            PID    Runtime      # DAGs    # Errors  Last Runtime    Last Run
-----------------------------------  -----  ---------  --------  ----------  --------------  -------------------
/opt/airflow/dags/PremierDagLake.py                           1           0  0.41s           2025-08-20T13:46:18
================================================================================
[2025-08-20T13:47:07.884+0000] {manager.py:878} INFO - 
================================================================================
DAG File Processing Stats

File Path                            PID    Runtime      # DAGs    # Errors  Last Runtime    Last Run
-----------------------------------  -----  ---------  --------  ----------  --------------  -------------------
/opt/airflow/dags/PremierDagLake.py                           1           0  0.42s           2025-08-20T13:46:49
================================================================================
[2025-08-20T13:47:14.346+0000] {manager.py:737} INFO - Searching for files in /opt/airflow/dags
[2025-08-20T13:47:14.349+0000] {manager.py:740} INFO - There are 1 files in /opt/airflow/dags
[2025-08-20T13:47:37.888+0000] {manager.py:878} INFO - 
================================================================================
DAG File Processing Stats

File Path                            PID    Runtime      # DAGs    # Errors  Last Runtime    Last Run
-----------------------------------  -----  ---------  --------  ----------  --------------  -------------------
/opt/airflow/dags/PremierDagLake.py                           1           0  0.39s           2025-08-20T13:47:19
================================================================================
[2025-08-20T13:48:08.045+0000] {manager.py:878} INFO - 
================================================================================
DAG File Processing Stats

File Path                            PID    Runtime      # DAGs    # Errors  Last Runtime    Last Run
-----------------------------------  -----  ---------  --------  ----------  --------------  -------------------
/opt/airflow/dags/PremierDagLake.py                           1           0  0.38s           2025-08-20T13:47:50
================================================================================
[2025-08-20T13:48:38.603+0000] {manager.py:878} INFO - 
================================================================================
DAG File Processing Stats

File Path                            PID    Runtime      # DAGs    # Errors  Last Runtime    Last Run
-----------------------------------  -----  ---------  --------  ----------  --------------  -------------------
/opt/airflow/dags/PremierDagLake.py                           1           0  0.42s           2025-08-20T13:48:20
================================================================================
[2025-08-20T13:49:09.173+0000] {manager.py:878} INFO - 
================================================================================
DAG File Processing Stats

File Path                            PID    Runtime      # DAGs    # Errors  Last Runtime    Last Run
-----------------------------------  -----  ---------  --------  ----------  --------------  -------------------
/opt/airflow/dags/PremierDagLake.py                           1           0  0.43s           2025-08-20T13:48:51
================================================================================
[2025-08-20T13:49:39.282+0000] {manager.py:878} INFO - 
================================================================================
DAG File Processing Stats

File Path                            PID    Runtime      # DAGs    # Errors  Last Runtime    Last Run
-----------------------------------  -----  ---------  --------  ----------  --------------  -------------------
/opt/airflow/dags/PremierDagLake.py                           1           0  0.52s           2025-08-20T13:49:22
================================================================================
[2025-08-20T13:50:09.458+0000] {manager.py:878} INFO - 
================================================================================
DAG File Processing Stats

File Path                            PID    Runtime      # DAGs    # Errors  Last Runtime    Last Run
-----------------------------------  -----  ---------  --------  ----------  --------------  -------------------
/opt/airflow/dags/PremierDagLake.py                           1           0  0.43s           2025-08-20T13:49:52
================================================================================
[2025-08-20T13:50:39.479+0000] {manager.py:878} INFO - 
================================================================================
DAG File Processing Stats

File Path                            PID    Runtime      # DAGs    # Errors  Last Runtime    Last Run
-----------------------------------  -----  ---------  --------  ----------  --------------  -------------------
/opt/airflow/dags/PremierDagLake.py                           1           0  0.41s           2025-08-20T13:50:23
================================================================================
[2025-08-20T13:51:09.659+0000] {manager.py:878} INFO - 
================================================================================
DAG File Processing Stats

File Path                            PID    Runtime      # DAGs    # Errors  Last Runtime    Last Run
-----------------------------------  -----  ---------  --------  ----------  --------------  -------------------
/opt/airflow/dags/PremierDagLake.py                           1           0  0.39s           2025-08-20T13:50:53
================================================================================
[2025-08-20T13:51:40.195+0000] {manager.py:878} INFO - 
================================================================================
DAG File Processing Stats

File Path                            PID    Runtime      # DAGs    # Errors  Last Runtime    Last Run
-----------------------------------  -----  ---------  --------  ----------  --------------  -------------------
/opt/airflow/dags/PremierDagLake.py                           1           0  0.42s           2025-08-20T13:51:24
================================================================================
[2025-08-20T13:52:10.775+0000] {manager.py:878} INFO - 
================================================================================
DAG File Processing Stats

File Path                            PID    Runtime      # DAGs    # Errors  Last Runtime    Last Run
-----------------------------------  -----  ---------  --------  ----------  --------------  -------------------
/opt/airflow/dags/PremierDagLake.py                           1           0  0.41s           2025-08-20T13:51:55
================================================================================
[2025-08-20T13:52:14.802+0000] {manager.py:737} INFO - Searching for files in /opt/airflow/dags
[2025-08-20T13:52:14.804+0000] {manager.py:740} INFO - There are 1 files in /opt/airflow/dags
[2025-08-20T14:56:42.080+0000] {manager.py:470} INFO - Processing files using up to 2 processes at a time 
[2025-08-20T14:56:42.081+0000] {manager.py:471} INFO - Process each file at most once every 30 seconds
[2025-08-20T14:56:42.082+0000] {manager.py:472} INFO - Checking for new files in /opt/airflow/dags every 300 seconds
[2025-08-20T14:56:42.082+0000] {manager.py:737} INFO - Searching for files in /opt/airflow/dags
[2025-08-20T14:56:42.084+0000] {manager.py:740} INFO - There are 1 files in /opt/airflow/dags
[2025-08-20T14:56:42.206+0000] {manager.py:878} INFO - 
================================================================================
DAG File Processing Stats

File Path                              PID  Runtime      # DAGs    # Errors  Last Runtime    Last Run
-----------------------------------  -----  ---------  --------  ----------  --------------  ----------
/opt/airflow/dags/PremierDagLake.py     30  0.03s             0           0
================================================================================
[2025-08-20T14:57:12.348+0000] {manager.py:878} INFO - 
================================================================================
DAG File Processing Stats

File Path                            PID    Runtime      # DAGs    # Errors  Last Runtime    Last Run
-----------------------------------  -----  ---------  --------  ----------  --------------  -------------------
/opt/airflow/dags/PremierDagLake.py                           1           0  1.41s           2025-08-20T14:56:43
================================================================================
[2025-08-20T14:57:42.503+0000] {manager.py:878} INFO - 
================================================================================
DAG File Processing Stats

File Path                            PID    Runtime      # DAGs    # Errors  Last Runtime    Last Run
-----------------------------------  -----  ---------  --------  ----------  --------------  -------------------
/opt/airflow/dags/PremierDagLake.py                           1           0  0.69s           2025-08-20T14:57:14
================================================================================
[2025-08-20T14:58:12.708+0000] {manager.py:878} INFO - 
================================================================================
DAG File Processing Stats

File Path                            PID    Runtime      # DAGs    # Errors  Last Runtime    Last Run
-----------------------------------  -----  ---------  --------  ----------  --------------  -------------------
/opt/airflow/dags/PremierDagLake.py                           1           0  0.44s           2025-08-20T14:57:44
================================================================================
[2025-08-20T14:58:43.280+0000] {manager.py:878} INFO - 
================================================================================
DAG File Processing Stats

File Path                            PID    Runtime      # DAGs    # Errors  Last Runtime    Last Run
-----------------------------------  -----  ---------  --------  ----------  --------------  -------------------
/opt/airflow/dags/PremierDagLake.py                           1           0  0.39s           2025-08-20T14:58:15
================================================================================
[2025-08-20T14:59:13.834+0000] {manager.py:878} INFO - 
================================================================================
DAG File Processing Stats

File Path                            PID    Runtime      # DAGs    # Errors  Last Runtime    Last Run
-----------------------------------  -----  ---------  --------  ----------  --------------  -------------------
/opt/airflow/dags/PremierDagLake.py                           1           0  0.37s           2025-08-20T14:58:46
================================================================================
[2025-08-20T14:59:44.346+0000] {manager.py:878} INFO - 
================================================================================
DAG File Processing Stats

File Path                            PID    Runtime      # DAGs    # Errors  Last Runtime    Last Run
-----------------------------------  -----  ---------  --------  ----------  --------------  -------------------
/opt/airflow/dags/PremierDagLake.py                           1           0  0.36s           2025-08-20T14:59:16
================================================================================
[2025-08-20T15:00:14.879+0000] {manager.py:878} INFO - 
================================================================================
DAG File Processing Stats

File Path                            PID    Runtime      # DAGs    # Errors  Last Runtime    Last Run
-----------------------------------  -----  ---------  --------  ----------  --------------  -------------------
/opt/airflow/dags/PremierDagLake.py                           1           0  0.40s           2025-08-20T14:59:47
================================================================================
[2025-08-20T15:00:45.468+0000] {manager.py:878} INFO - 
================================================================================
DAG File Processing Stats

File Path                            PID    Runtime      # DAGs    # Errors  Last Runtime    Last Run
-----------------------------------  -----  ---------  --------  ----------  --------------  -------------------
/opt/airflow/dags/PremierDagLake.py                           1           0  0.40s           2025-08-20T15:00:17
================================================================================
[2025-08-20T15:01:16.034+0000] {manager.py:878} INFO - 
================================================================================
DAG File Processing Stats

File Path                            PID    Runtime      # DAGs    # Errors  Last Runtime    Last Run
-----------------------------------  -----  ---------  --------  ----------  --------------  -------------------
/opt/airflow/dags/PremierDagLake.py                           1           0  0.39s           2025-08-20T15:00:48
================================================================================
[2025-08-20T15:01:42.608+0000] {manager.py:737} INFO - Searching for files in /opt/airflow/dags
[2025-08-20T15:01:42.611+0000] {manager.py:740} INFO - There are 1 files in /opt/airflow/dags
[2025-08-20T15:01:46.650+0000] {manager.py:878} INFO - 
================================================================================
DAG File Processing Stats

File Path                            PID    Runtime      # DAGs    # Errors  Last Runtime    Last Run
-----------------------------------  -----  ---------  --------  ----------  --------------  -------------------
/opt/airflow/dags/PremierDagLake.py                           1           0  0.40s           2025-08-20T15:01:18
================================================================================
[2025-08-20T15:02:17.195+0000] {manager.py:878} INFO - 
================================================================================
DAG File Processing Stats

File Path                            PID    Runtime      # DAGs    # Errors  Last Runtime    Last Run
-----------------------------------  -----  ---------  --------  ----------  --------------  -------------------
/opt/airflow/dags/PremierDagLake.py                           1           0  0.38s           2025-08-20T15:01:49
================================================================================
[2025-08-20T15:02:47.752+0000] {manager.py:878} INFO - 
================================================================================
DAG File Processing Stats

File Path                            PID    Runtime      # DAGs    # Errors  Last Runtime    Last Run
-----------------------------------  -----  ---------  --------  ----------  --------------  -------------------
/opt/airflow/dags/PremierDagLake.py                           1           0  0.39s           2025-08-20T15:02:19
================================================================================
[2025-08-20T15:03:18.290+0000] {manager.py:878} INFO - 
================================================================================
DAG File Processing Stats

File Path                            PID    Runtime      # DAGs    # Errors  Last Runtime    Last Run
-----------------------------------  -----  ---------  --------  ----------  --------------  -------------------
/opt/airflow/dags/PremierDagLake.py                           1           0  0.38s           2025-08-20T15:02:50
================================================================================
[2025-08-20T15:03:48.312+0000] {manager.py:878} INFO - 
================================================================================
DAG File Processing Stats

File Path                            PID    Runtime      # DAGs    # Errors  Last Runtime    Last Run
-----------------------------------  -----  ---------  --------  ----------  --------------  -------------------
/opt/airflow/dags/PremierDagLake.py                           1           0  0.48s           2025-08-20T15:03:21
================================================================================
[2025-08-20T15:04:18.478+0000] {manager.py:878} INFO - 
================================================================================
DAG File Processing Stats

File Path                            PID    Runtime      # DAGs    # Errors  Last Runtime    Last Run
-----------------------------------  -----  ---------  --------  ----------  --------------  -------------------
/opt/airflow/dags/PremierDagLake.py                           1           0  0.43s           2025-08-20T15:03:51
================================================================================
[2025-08-20T15:04:49.100+0000] {manager.py:878} INFO - 
================================================================================
DAG File Processing Stats

File Path                            PID    Runtime      # DAGs    # Errors  Last Runtime    Last Run
-----------------------------------  -----  ---------  --------  ----------  --------------  -------------------
/opt/airflow/dags/PremierDagLake.py                           1           0  0.39s           2025-08-20T15:04:22
================================================================================
[2025-08-20T15:05:19.684+0000] {manager.py:878} INFO - 
================================================================================
DAG File Processing Stats

File Path                            PID    Runtime      # DAGs    # Errors  Last Runtime    Last Run
-----------------------------------  -----  ---------  --------  ----------  --------------  -------------------
/opt/airflow/dags/PremierDagLake.py                           1           0  0.37s           2025-08-20T15:04:52
================================================================================
[2025-08-20T15:05:50.212+0000] {manager.py:878} INFO - 
================================================================================
DAG File Processing Stats

File Path                            PID    Runtime      # DAGs    # Errors  Last Runtime    Last Run
-----------------------------------  -----  ---------  --------  ----------  --------------  -------------------
/opt/airflow/dags/PremierDagLake.py                           1           0  0.37s           2025-08-20T15:05:23
================================================================================
[2025-08-20T15:06:20.218+0000] {manager.py:878} INFO - 
================================================================================
DAG File Processing Stats

File Path                            PID    Runtime      # DAGs    # Errors  Last Runtime    Last Run
-----------------------------------  -----  ---------  --------  ----------  --------------  -------------------
/opt/airflow/dags/PremierDagLake.py                           1           0  0.48s           2025-08-20T15:05:54
================================================================================
[2025-08-20T15:06:42.803+0000] {manager.py:737} INFO - Searching for files in /opt/airflow/dags
[2025-08-20T15:06:42.805+0000] {manager.py:740} INFO - There are 1 files in /opt/airflow/dags
[2025-08-20T15:06:50.410+0000] {manager.py:878} INFO - 
================================================================================
DAG File Processing Stats

File Path                            PID    Runtime      # DAGs    # Errors  Last Runtime    Last Run
-----------------------------------  -----  ---------  --------  ----------  --------------  -------------------
/opt/airflow/dags/PremierDagLake.py                           1           0  0.45s           2025-08-20T15:06:24
================================================================================
[2025-08-20T15:07:20.451+0000] {manager.py:878} INFO - 
================================================================================
DAG File Processing Stats

File Path                            PID    Runtime      # DAGs    # Errors  Last Runtime    Last Run
-----------------------------------  -----  ---------  --------  ----------  --------------  -------------------
/opt/airflow/dags/PremierDagLake.py                           1           0  0.41s           2025-08-20T15:06:55
================================================================================
[2025-08-20T15:07:50.642+0000] {manager.py:878} INFO - 
================================================================================
DAG File Processing Stats

File Path                            PID    Runtime      # DAGs    # Errors  Last Runtime    Last Run
-----------------------------------  -----  ---------  --------  ----------  --------------  -------------------
/opt/airflow/dags/PremierDagLake.py                           1           0  0.39s           2025-08-20T15:07:25
================================================================================
