[2025-08-08T20:10:21.771+0000] {local_task_job_runner.py:120} INFO - ::group::Pre task execution logs
[2025-08-08T20:10:21.861+0000] {taskinstance.py:2073} INFO - Dependencies all met for dep_context=non-requeueable deps ti=<TaskInstance: Premier_dag.end manual__2025-08-08T20:02:27.753054+00:00 [queued]>
[2025-08-08T20:10:21.868+0000] {taskinstance.py:2073} INFO - Dependencies all met for dep_context=requeueable deps ti=<TaskInstance: Premier_dag.end manual__2025-08-08T20:02:27.753054+00:00 [queued]>
[2025-08-08T20:10:21.868+0000] {taskinstance.py:2303} INFO - Starting attempt 1 of 1
[2025-08-08T20:10:21.877+0000] {taskinstance.py:2327} INFO - Executing <Task(BashOperator): end> on 2025-08-08 20:02:27.753054+00:00
[2025-08-08T20:10:21.881+0000] {standard_task_runner.py:63} INFO - Started process 107 to run task
[2025-08-08T20:10:21.883+0000] {standard_task_runner.py:90} INFO - Running: ['***', 'tasks', 'run', 'Premier_dag', 'end', 'manual__2025-08-08T20:02:27.753054+00:00', '--job-id', '5', '--raw', '--subdir', 'DAGS_FOLDER/PremierDagLake.py', '--cfg-path', '/tmp/tmptxy7hl1b']
[2025-08-08T20:10:21.885+0000] {standard_task_runner.py:91} INFO - Job 5: Subtask end
[2025-08-08T20:10:21.895+0000] {logging_mixin.py:188} WARNING - /home/***/.local/lib/python3.12/site-packages/***/settings.py:195 DeprecationWarning: The sql_alchemy_conn option in [core] has been moved to the sql_alchemy_conn option in [database] - the old setting has been used, but please update your config.
[2025-08-08T20:10:21.936+0000] {task_command.py:426} INFO - Running <TaskInstance: Premier_dag.end manual__2025-08-08T20:02:27.753054+00:00 [running]> on host abf1cfc47773
[2025-08-08T20:10:22.029+0000] {taskinstance.py:2644} INFO - Exporting env vars: AIRFLOW_CTX_DAG_OWNER='***' AIRFLOW_CTX_DAG_ID='Premier_dag' AIRFLOW_CTX_TASK_ID='end' AIRFLOW_CTX_EXECUTION_DATE='2025-08-08T20:02:27.753054+00:00' AIRFLOW_CTX_TRY_NUMBER='1' AIRFLOW_CTX_DAG_RUN_ID='manual__2025-08-08T20:02:27.753054+00:00'
[2025-08-08T20:10:22.030+0000] {taskinstance.py:430} INFO - ::endgroup::
[2025-08-08T20:10:22.032+0000] {subprocess.py:63} INFO - Tmp dir root location: /tmp
[2025-08-08T20:10:22.032+0000] {subprocess.py:75} INFO - Running command: ['/usr/bin/bash', '-c', 'echo fin - love and peace']
[2025-08-08T20:10:22.046+0000] {subprocess.py:86} INFO - Output:
[2025-08-08T20:10:22.051+0000] {subprocess.py:93} INFO - fin - love and peace
[2025-08-08T20:10:22.051+0000] {subprocess.py:97} INFO - Command exited with return code 0
[2025-08-08T20:10:22.052+0000] {taskinstance.py:441} INFO - ::group::Post task execution logs
[2025-08-08T20:10:22.084+0000] {taskinstance.py:1205} INFO - Marking task as SUCCESS. dag_id=Premier_dag, task_id=end, execution_date=20250808T200227, start_date=20250808T201021, end_date=20250808T201022
[2025-08-08T20:10:22.136+0000] {local_task_job_runner.py:240} INFO - Task exited with return code 0
[2025-08-08T20:10:22.160+0000] {taskinstance.py:3482} INFO - 0 downstream tasks scheduled from follow-on schedule check
[2025-08-08T20:10:22.163+0000] {local_task_job_runner.py:222} INFO - ::endgroup::
