[2025-08-05T11:21:33.044+0000] {processor.py:161} INFO - Started process (PID=29) to work on /opt/airflow/dags/PremierDagLake.py
[2025-08-05T11:21:33.044+0000] {processor.py:830} INFO - Processing file /opt/airflow/dags/PremierDagLake.py for tasks to queue
[2025-08-05T11:21:33.046+0000] {logging_mixin.py:188} INFO - [2025-08-05T11:21:33.046+0000] {dagbag.py:540} INFO - Filling up the DagBag from /opt/airflow/dags/PremierDagLake.py
[2025-08-05T11:21:33.066+0000] {processor.py:840} INFO - DAG(s) 'Premier_dag' retrieved from /opt/airflow/dags/PremierDagLake.py
[2025-08-05T11:21:33.131+0000] {logging_mixin.py:188} INFO - [2025-08-05T11:21:33.130+0000] {dag.py:3096} INFO - Sync 1 DAGs
[2025-08-05T11:21:33.152+0000] {logging_mixin.py:188} INFO - [2025-08-05T11:21:33.152+0000] {dag.py:3954} INFO - Setting next_dagrun for Premier_dag to None, run_after=None
[2025-08-05T11:21:33.186+0000] {processor.py:183} INFO - Processing /opt/airflow/dags/PremierDagLake.py took 0.148 seconds
[2025-08-05T11:22:03.275+0000] {processor.py:161} INFO - Started process (PID=30) to work on /opt/airflow/dags/PremierDagLake.py
[2025-08-05T11:22:03.276+0000] {processor.py:830} INFO - Processing file /opt/airflow/dags/PremierDagLake.py for tasks to queue
[2025-08-05T11:22:03.279+0000] {logging_mixin.py:188} INFO - [2025-08-05T11:22:03.278+0000] {dagbag.py:540} INFO - Filling up the DagBag from /opt/airflow/dags/PremierDagLake.py
[2025-08-05T11:22:03.302+0000] {processor.py:840} INFO - DAG(s) 'Premier_dag' retrieved from /opt/airflow/dags/PremierDagLake.py
[2025-08-05T11:22:03.728+0000] {logging_mixin.py:188} INFO - [2025-08-05T11:22:03.727+0000] {dag.py:3096} INFO - Sync 1 DAGs
[2025-08-05T11:22:03.740+0000] {logging_mixin.py:188} INFO - [2025-08-05T11:22:03.740+0000] {dag.py:3954} INFO - Setting next_dagrun for Premier_dag to None, run_after=None
[2025-08-05T11:22:03.764+0000] {processor.py:183} INFO - Processing /opt/airflow/dags/PremierDagLake.py took 0.498 seconds
[2025-08-05T11:22:33.972+0000] {processor.py:161} INFO - Started process (PID=31) to work on /opt/airflow/dags/PremierDagLake.py
[2025-08-05T11:22:33.974+0000] {processor.py:830} INFO - Processing file /opt/airflow/dags/PremierDagLake.py for tasks to queue
[2025-08-05T11:22:33.980+0000] {logging_mixin.py:188} INFO - [2025-08-05T11:22:33.977+0000] {dagbag.py:540} INFO - Filling up the DagBag from /opt/airflow/dags/PremierDagLake.py
[2025-08-05T11:22:34.007+0000] {processor.py:840} INFO - DAG(s) 'Premier_dag' retrieved from /opt/airflow/dags/PremierDagLake.py
[2025-08-05T11:22:34.066+0000] {logging_mixin.py:188} INFO - [2025-08-05T11:22:34.066+0000] {dag.py:3096} INFO - Sync 1 DAGs
[2025-08-05T11:22:34.090+0000] {logging_mixin.py:188} INFO - [2025-08-05T11:22:34.090+0000] {dag.py:3954} INFO - Setting next_dagrun for Premier_dag to None, run_after=None
[2025-08-05T11:22:34.120+0000] {processor.py:183} INFO - Processing /opt/airflow/dags/PremierDagLake.py took 0.160 seconds
[2025-08-05T11:23:04.170+0000] {processor.py:161} INFO - Started process (PID=32) to work on /opt/airflow/dags/PremierDagLake.py
[2025-08-05T11:23:04.172+0000] {processor.py:830} INFO - Processing file /opt/airflow/dags/PremierDagLake.py for tasks to queue
[2025-08-05T11:23:04.174+0000] {logging_mixin.py:188} INFO - [2025-08-05T11:23:04.174+0000] {dagbag.py:540} INFO - Filling up the DagBag from /opt/airflow/dags/PremierDagLake.py
[2025-08-05T11:23:04.186+0000] {processor.py:840} INFO - DAG(s) 'Premier_dag' retrieved from /opt/airflow/dags/PremierDagLake.py
[2025-08-05T11:23:04.222+0000] {logging_mixin.py:188} INFO - [2025-08-05T11:23:04.222+0000] {dag.py:3096} INFO - Sync 1 DAGs
[2025-08-05T11:23:04.238+0000] {logging_mixin.py:188} INFO - [2025-08-05T11:23:04.238+0000] {dag.py:3954} INFO - Setting next_dagrun for Premier_dag to None, run_after=None
[2025-08-05T11:23:04.261+0000] {processor.py:183} INFO - Processing /opt/airflow/dags/PremierDagLake.py took 0.100 seconds
[2025-08-05T11:23:34.364+0000] {processor.py:161} INFO - Started process (PID=33) to work on /opt/airflow/dags/PremierDagLake.py
[2025-08-05T11:23:34.365+0000] {processor.py:830} INFO - Processing file /opt/airflow/dags/PremierDagLake.py for tasks to queue
[2025-08-05T11:23:34.368+0000] {logging_mixin.py:188} INFO - [2025-08-05T11:23:34.367+0000] {dagbag.py:540} INFO - Filling up the DagBag from /opt/airflow/dags/PremierDagLake.py
[2025-08-05T11:23:34.378+0000] {processor.py:840} INFO - DAG(s) 'Premier_dag' retrieved from /opt/airflow/dags/PremierDagLake.py
[2025-08-05T11:23:34.416+0000] {logging_mixin.py:188} INFO - [2025-08-05T11:23:34.416+0000] {dag.py:3096} INFO - Sync 1 DAGs
[2025-08-05T11:23:34.431+0000] {logging_mixin.py:188} INFO - [2025-08-05T11:23:34.430+0000] {dag.py:3954} INFO - Setting next_dagrun for Premier_dag to None, run_after=None
[2025-08-05T11:23:34.455+0000] {processor.py:183} INFO - Processing /opt/airflow/dags/PremierDagLake.py took 0.101 seconds
[2025-08-05T11:24:04.636+0000] {processor.py:161} INFO - Started process (PID=34) to work on /opt/airflow/dags/PremierDagLake.py
[2025-08-05T11:24:04.638+0000] {processor.py:830} INFO - Processing file /opt/airflow/dags/PremierDagLake.py for tasks to queue
[2025-08-05T11:24:04.641+0000] {logging_mixin.py:188} INFO - [2025-08-05T11:24:04.640+0000] {dagbag.py:540} INFO - Filling up the DagBag from /opt/airflow/dags/PremierDagLake.py
[2025-08-05T11:24:04.654+0000] {processor.py:840} INFO - DAG(s) 'Premier_dag' retrieved from /opt/airflow/dags/PremierDagLake.py
[2025-08-05T11:24:04.687+0000] {logging_mixin.py:188} INFO - [2025-08-05T11:24:04.687+0000] {dag.py:3096} INFO - Sync 1 DAGs
[2025-08-05T11:24:04.702+0000] {logging_mixin.py:188} INFO - [2025-08-05T11:24:04.701+0000] {dag.py:3954} INFO - Setting next_dagrun for Premier_dag to None, run_after=None
[2025-08-05T11:24:04.726+0000] {processor.py:183} INFO - Processing /opt/airflow/dags/PremierDagLake.py took 0.098 seconds
[2025-08-05T11:24:34.826+0000] {processor.py:161} INFO - Started process (PID=35) to work on /opt/airflow/dags/PremierDagLake.py
[2025-08-05T11:24:34.827+0000] {processor.py:830} INFO - Processing file /opt/airflow/dags/PremierDagLake.py for tasks to queue
[2025-08-05T11:24:34.829+0000] {logging_mixin.py:188} INFO - [2025-08-05T11:24:34.829+0000] {dagbag.py:540} INFO - Filling up the DagBag from /opt/airflow/dags/PremierDagLake.py
[2025-08-05T11:24:34.840+0000] {processor.py:840} INFO - DAG(s) 'Premier_dag' retrieved from /opt/airflow/dags/PremierDagLake.py
[2025-08-05T11:24:34.878+0000] {logging_mixin.py:188} INFO - [2025-08-05T11:24:34.878+0000] {dag.py:3096} INFO - Sync 1 DAGs
[2025-08-05T11:24:34.892+0000] {logging_mixin.py:188} INFO - [2025-08-05T11:24:34.892+0000] {dag.py:3954} INFO - Setting next_dagrun for Premier_dag to None, run_after=None
[2025-08-05T11:24:34.918+0000] {processor.py:183} INFO - Processing /opt/airflow/dags/PremierDagLake.py took 0.098 seconds
[2025-08-05T11:25:05.104+0000] {processor.py:161} INFO - Started process (PID=36) to work on /opt/airflow/dags/PremierDagLake.py
[2025-08-05T11:25:05.105+0000] {processor.py:830} INFO - Processing file /opt/airflow/dags/PremierDagLake.py for tasks to queue
[2025-08-05T11:25:05.109+0000] {logging_mixin.py:188} INFO - [2025-08-05T11:25:05.108+0000] {dagbag.py:540} INFO - Filling up the DagBag from /opt/airflow/dags/PremierDagLake.py
[2025-08-05T11:25:05.126+0000] {processor.py:840} INFO - DAG(s) 'Premier_dag' retrieved from /opt/airflow/dags/PremierDagLake.py
[2025-08-05T11:25:05.163+0000] {logging_mixin.py:188} INFO - [2025-08-05T11:25:05.163+0000] {dag.py:3096} INFO - Sync 1 DAGs
[2025-08-05T11:25:05.178+0000] {logging_mixin.py:188} INFO - [2025-08-05T11:25:05.178+0000] {dag.py:3954} INFO - Setting next_dagrun for Premier_dag to None, run_after=None
[2025-08-05T11:25:05.203+0000] {processor.py:183} INFO - Processing /opt/airflow/dags/PremierDagLake.py took 0.108 seconds
[2025-08-05T11:25:35.298+0000] {processor.py:161} INFO - Started process (PID=37) to work on /opt/airflow/dags/PremierDagLake.py
[2025-08-05T11:25:35.299+0000] {processor.py:830} INFO - Processing file /opt/airflow/dags/PremierDagLake.py for tasks to queue
[2025-08-05T11:25:35.302+0000] {logging_mixin.py:188} INFO - [2025-08-05T11:25:35.301+0000] {dagbag.py:540} INFO - Filling up the DagBag from /opt/airflow/dags/PremierDagLake.py
[2025-08-05T11:25:35.316+0000] {processor.py:840} INFO - DAG(s) 'Premier_dag' retrieved from /opt/airflow/dags/PremierDagLake.py
[2025-08-05T11:25:35.356+0000] {logging_mixin.py:188} INFO - [2025-08-05T11:25:35.355+0000] {dag.py:3096} INFO - Sync 1 DAGs
[2025-08-05T11:25:35.373+0000] {logging_mixin.py:188} INFO - [2025-08-05T11:25:35.373+0000] {dag.py:3954} INFO - Setting next_dagrun for Premier_dag to None, run_after=None
[2025-08-05T11:25:35.403+0000] {processor.py:183} INFO - Processing /opt/airflow/dags/PremierDagLake.py took 0.114 seconds
[2025-08-05T11:26:05.563+0000] {processor.py:161} INFO - Started process (PID=38) to work on /opt/airflow/dags/PremierDagLake.py
[2025-08-05T11:26:05.566+0000] {processor.py:830} INFO - Processing file /opt/airflow/dags/PremierDagLake.py for tasks to queue
[2025-08-05T11:26:05.570+0000] {logging_mixin.py:188} INFO - [2025-08-05T11:26:05.569+0000] {dagbag.py:540} INFO - Filling up the DagBag from /opt/airflow/dags/PremierDagLake.py
[2025-08-05T11:26:05.591+0000] {processor.py:840} INFO - DAG(s) 'Premier_dag' retrieved from /opt/airflow/dags/PremierDagLake.py
[2025-08-05T11:26:05.633+0000] {logging_mixin.py:188} INFO - [2025-08-05T11:26:05.632+0000] {dag.py:3096} INFO - Sync 1 DAGs
[2025-08-05T11:26:05.648+0000] {logging_mixin.py:188} INFO - [2025-08-05T11:26:05.648+0000] {dag.py:3954} INFO - Setting next_dagrun for Premier_dag to None, run_after=None
[2025-08-05T11:26:05.673+0000] {processor.py:183} INFO - Processing /opt/airflow/dags/PremierDagLake.py took 0.120 seconds
[2025-08-05T11:26:35.803+0000] {processor.py:161} INFO - Started process (PID=39) to work on /opt/airflow/dags/PremierDagLake.py
[2025-08-05T11:26:35.804+0000] {processor.py:830} INFO - Processing file /opt/airflow/dags/PremierDagLake.py for tasks to queue
[2025-08-05T11:26:35.806+0000] {logging_mixin.py:188} INFO - [2025-08-05T11:26:35.805+0000] {dagbag.py:540} INFO - Filling up the DagBag from /opt/airflow/dags/PremierDagLake.py
[2025-08-05T11:26:35.818+0000] {processor.py:840} INFO - DAG(s) 'Premier_dag' retrieved from /opt/airflow/dags/PremierDagLake.py
[2025-08-05T11:26:35.853+0000] {logging_mixin.py:188} INFO - [2025-08-05T11:26:35.852+0000] {dag.py:3096} INFO - Sync 1 DAGs
[2025-08-05T11:26:35.868+0000] {logging_mixin.py:188} INFO - [2025-08-05T11:26:35.868+0000] {dag.py:3954} INFO - Setting next_dagrun for Premier_dag to None, run_after=None
[2025-08-05T11:26:35.893+0000] {processor.py:183} INFO - Processing /opt/airflow/dags/PremierDagLake.py took 0.098 seconds
[2025-08-05T11:27:06.036+0000] {processor.py:161} INFO - Started process (PID=40) to work on /opt/airflow/dags/PremierDagLake.py
[2025-08-05T11:27:06.039+0000] {processor.py:830} INFO - Processing file /opt/airflow/dags/PremierDagLake.py for tasks to queue
[2025-08-05T11:27:06.042+0000] {logging_mixin.py:188} INFO - [2025-08-05T11:27:06.041+0000] {dagbag.py:540} INFO - Filling up the DagBag from /opt/airflow/dags/PremierDagLake.py
[2025-08-05T11:27:06.054+0000] {processor.py:840} INFO - DAG(s) 'Premier_dag' retrieved from /opt/airflow/dags/PremierDagLake.py
[2025-08-05T11:27:06.094+0000] {logging_mixin.py:188} INFO - [2025-08-05T11:27:06.094+0000] {dag.py:3096} INFO - Sync 1 DAGs
[2025-08-05T11:27:06.114+0000] {logging_mixin.py:188} INFO - [2025-08-05T11:27:06.114+0000] {dag.py:3954} INFO - Setting next_dagrun for Premier_dag to None, run_after=None
[2025-08-05T11:27:06.142+0000] {processor.py:183} INFO - Processing /opt/airflow/dags/PremierDagLake.py took 0.116 seconds
[2025-08-05T11:27:36.273+0000] {processor.py:161} INFO - Started process (PID=41) to work on /opt/airflow/dags/PremierDagLake.py
[2025-08-05T11:27:36.274+0000] {processor.py:830} INFO - Processing file /opt/airflow/dags/PremierDagLake.py for tasks to queue
[2025-08-05T11:27:36.277+0000] {logging_mixin.py:188} INFO - [2025-08-05T11:27:36.276+0000] {dagbag.py:540} INFO - Filling up the DagBag from /opt/airflow/dags/PremierDagLake.py
[2025-08-05T11:27:36.288+0000] {processor.py:840} INFO - DAG(s) 'Premier_dag' retrieved from /opt/airflow/dags/PremierDagLake.py
[2025-08-05T11:27:36.326+0000] {logging_mixin.py:188} INFO - [2025-08-05T11:27:36.326+0000] {dag.py:3096} INFO - Sync 1 DAGs
[2025-08-05T11:27:36.343+0000] {logging_mixin.py:188} INFO - [2025-08-05T11:27:36.342+0000] {dag.py:3954} INFO - Setting next_dagrun for Premier_dag to None, run_after=None
[2025-08-05T11:27:36.367+0000] {processor.py:183} INFO - Processing /opt/airflow/dags/PremierDagLake.py took 0.102 seconds
[2025-08-05T11:28:06.526+0000] {processor.py:161} INFO - Started process (PID=42) to work on /opt/airflow/dags/PremierDagLake.py
[2025-08-05T11:28:06.527+0000] {processor.py:830} INFO - Processing file /opt/airflow/dags/PremierDagLake.py for tasks to queue
[2025-08-05T11:28:06.529+0000] {logging_mixin.py:188} INFO - [2025-08-05T11:28:06.529+0000] {dagbag.py:540} INFO - Filling up the DagBag from /opt/airflow/dags/PremierDagLake.py
[2025-08-05T11:28:06.540+0000] {processor.py:840} INFO - DAG(s) 'Premier_dag' retrieved from /opt/airflow/dags/PremierDagLake.py
[2025-08-05T11:28:06.575+0000] {logging_mixin.py:188} INFO - [2025-08-05T11:28:06.575+0000] {dag.py:3096} INFO - Sync 1 DAGs
[2025-08-05T11:28:06.595+0000] {logging_mixin.py:188} INFO - [2025-08-05T11:28:06.595+0000] {dag.py:3954} INFO - Setting next_dagrun for Premier_dag to None, run_after=None
[2025-08-05T11:28:06.624+0000] {processor.py:183} INFO - Processing /opt/airflow/dags/PremierDagLake.py took 0.105 seconds
[2025-08-05T11:28:36.767+0000] {processor.py:161} INFO - Started process (PID=43) to work on /opt/airflow/dags/PremierDagLake.py
[2025-08-05T11:28:36.769+0000] {processor.py:830} INFO - Processing file /opt/airflow/dags/PremierDagLake.py for tasks to queue
[2025-08-05T11:28:36.772+0000] {logging_mixin.py:188} INFO - [2025-08-05T11:28:36.772+0000] {dagbag.py:540} INFO - Filling up the DagBag from /opt/airflow/dags/PremierDagLake.py
[2025-08-05T11:28:36.788+0000] {processor.py:840} INFO - DAG(s) 'Premier_dag' retrieved from /opt/airflow/dags/PremierDagLake.py
[2025-08-05T11:28:36.830+0000] {logging_mixin.py:188} INFO - [2025-08-05T11:28:36.829+0000] {dag.py:3096} INFO - Sync 1 DAGs
[2025-08-05T11:28:36.850+0000] {logging_mixin.py:188} INFO - [2025-08-05T11:28:36.849+0000] {dag.py:3954} INFO - Setting next_dagrun for Premier_dag to None, run_after=None
[2025-08-05T11:28:36.878+0000] {processor.py:183} INFO - Processing /opt/airflow/dags/PremierDagLake.py took 0.126 seconds
[2025-08-05T11:29:07.005+0000] {processor.py:161} INFO - Started process (PID=44) to work on /opt/airflow/dags/PremierDagLake.py
[2025-08-05T11:29:07.007+0000] {processor.py:830} INFO - Processing file /opt/airflow/dags/PremierDagLake.py for tasks to queue
[2025-08-05T11:29:07.010+0000] {logging_mixin.py:188} INFO - [2025-08-05T11:29:07.009+0000] {dagbag.py:540} INFO - Filling up the DagBag from /opt/airflow/dags/PremierDagLake.py
[2025-08-05T11:29:07.023+0000] {processor.py:840} INFO - DAG(s) 'Premier_dag' retrieved from /opt/airflow/dags/PremierDagLake.py
[2025-08-05T11:29:07.061+0000] {logging_mixin.py:188} INFO - [2025-08-05T11:29:07.060+0000] {dag.py:3096} INFO - Sync 1 DAGs
[2025-08-05T11:29:07.078+0000] {logging_mixin.py:188} INFO - [2025-08-05T11:29:07.077+0000] {dag.py:3954} INFO - Setting next_dagrun for Premier_dag to None, run_after=None
[2025-08-05T11:29:07.104+0000] {processor.py:183} INFO - Processing /opt/airflow/dags/PremierDagLake.py took 0.108 seconds
[2025-08-05T11:29:37.250+0000] {processor.py:161} INFO - Started process (PID=45) to work on /opt/airflow/dags/PremierDagLake.py
[2025-08-05T11:29:37.251+0000] {processor.py:830} INFO - Processing file /opt/airflow/dags/PremierDagLake.py for tasks to queue
[2025-08-05T11:29:37.254+0000] {logging_mixin.py:188} INFO - [2025-08-05T11:29:37.253+0000] {dagbag.py:540} INFO - Filling up the DagBag from /opt/airflow/dags/PremierDagLake.py
[2025-08-05T11:29:37.264+0000] {processor.py:840} INFO - DAG(s) 'Premier_dag' retrieved from /opt/airflow/dags/PremierDagLake.py
[2025-08-05T11:29:37.300+0000] {logging_mixin.py:188} INFO - [2025-08-05T11:29:37.300+0000] {dag.py:3096} INFO - Sync 1 DAGs
[2025-08-05T11:29:37.319+0000] {logging_mixin.py:188} INFO - [2025-08-05T11:29:37.318+0000] {dag.py:3954} INFO - Setting next_dagrun for Premier_dag to None, run_after=None
[2025-08-05T11:29:37.347+0000] {processor.py:183} INFO - Processing /opt/airflow/dags/PremierDagLake.py took 0.104 seconds
[2025-08-05T11:30:07.477+0000] {processor.py:161} INFO - Started process (PID=46) to work on /opt/airflow/dags/PremierDagLake.py
[2025-08-05T11:30:07.479+0000] {processor.py:830} INFO - Processing file /opt/airflow/dags/PremierDagLake.py for tasks to queue
[2025-08-05T11:30:07.483+0000] {logging_mixin.py:188} INFO - [2025-08-05T11:30:07.482+0000] {dagbag.py:540} INFO - Filling up the DagBag from /opt/airflow/dags/PremierDagLake.py
[2025-08-05T11:30:07.496+0000] {processor.py:840} INFO - DAG(s) 'Premier_dag' retrieved from /opt/airflow/dags/PremierDagLake.py
[2025-08-05T11:30:07.560+0000] {logging_mixin.py:188} INFO - [2025-08-05T11:30:07.559+0000] {dag.py:3096} INFO - Sync 1 DAGs
[2025-08-05T11:30:07.584+0000] {logging_mixin.py:188} INFO - [2025-08-05T11:30:07.584+0000] {dag.py:3954} INFO - Setting next_dagrun for Premier_dag to None, run_after=None
[2025-08-05T11:30:07.608+0000] {processor.py:183} INFO - Processing /opt/airflow/dags/PremierDagLake.py took 0.139 seconds
[2025-08-05T11:30:37.731+0000] {processor.py:161} INFO - Started process (PID=47) to work on /opt/airflow/dags/PremierDagLake.py
[2025-08-05T11:30:37.731+0000] {processor.py:830} INFO - Processing file /opt/airflow/dags/PremierDagLake.py for tasks to queue
[2025-08-05T11:30:37.734+0000] {logging_mixin.py:188} INFO - [2025-08-05T11:30:37.733+0000] {dagbag.py:540} INFO - Filling up the DagBag from /opt/airflow/dags/PremierDagLake.py
[2025-08-05T11:30:37.744+0000] {processor.py:840} INFO - DAG(s) 'Premier_dag' retrieved from /opt/airflow/dags/PremierDagLake.py
[2025-08-05T11:30:37.779+0000] {logging_mixin.py:188} INFO - [2025-08-05T11:30:37.778+0000] {dag.py:3096} INFO - Sync 1 DAGs
[2025-08-05T11:30:37.796+0000] {logging_mixin.py:188} INFO - [2025-08-05T11:30:37.795+0000] {dag.py:3954} INFO - Setting next_dagrun for Premier_dag to None, run_after=None
[2025-08-05T11:30:37.817+0000] {processor.py:183} INFO - Processing /opt/airflow/dags/PremierDagLake.py took 0.095 seconds
[2025-08-05T11:31:07.983+0000] {processor.py:161} INFO - Started process (PID=48) to work on /opt/airflow/dags/PremierDagLake.py
[2025-08-05T11:31:07.985+0000] {processor.py:830} INFO - Processing file /opt/airflow/dags/PremierDagLake.py for tasks to queue
[2025-08-05T11:31:07.988+0000] {logging_mixin.py:188} INFO - [2025-08-05T11:31:07.987+0000] {dagbag.py:540} INFO - Filling up the DagBag from /opt/airflow/dags/PremierDagLake.py
[2025-08-05T11:31:08.000+0000] {processor.py:840} INFO - DAG(s) 'Premier_dag' retrieved from /opt/airflow/dags/PremierDagLake.py
[2025-08-05T11:31:08.038+0000] {logging_mixin.py:188} INFO - [2025-08-05T11:31:08.038+0000] {dag.py:3096} INFO - Sync 1 DAGs
[2025-08-05T11:31:08.053+0000] {logging_mixin.py:188} INFO - [2025-08-05T11:31:08.052+0000] {dag.py:3954} INFO - Setting next_dagrun for Premier_dag to None, run_after=None
[2025-08-05T11:31:08.077+0000] {processor.py:183} INFO - Processing /opt/airflow/dags/PremierDagLake.py took 0.101 seconds
[2025-08-05T11:31:38.198+0000] {processor.py:161} INFO - Started process (PID=49) to work on /opt/airflow/dags/PremierDagLake.py
[2025-08-05T11:31:38.199+0000] {processor.py:830} INFO - Processing file /opt/airflow/dags/PremierDagLake.py for tasks to queue
[2025-08-05T11:31:38.201+0000] {logging_mixin.py:188} INFO - [2025-08-05T11:31:38.201+0000] {dagbag.py:540} INFO - Filling up the DagBag from /opt/airflow/dags/PremierDagLake.py
[2025-08-05T11:31:38.211+0000] {processor.py:840} INFO - DAG(s) 'Premier_dag' retrieved from /opt/airflow/dags/PremierDagLake.py
[2025-08-05T11:31:38.247+0000] {logging_mixin.py:188} INFO - [2025-08-05T11:31:38.247+0000] {dag.py:3096} INFO - Sync 1 DAGs
[2025-08-05T11:31:38.263+0000] {logging_mixin.py:188} INFO - [2025-08-05T11:31:38.263+0000] {dag.py:3954} INFO - Setting next_dagrun for Premier_dag to None, run_after=None
[2025-08-05T11:31:38.289+0000] {processor.py:183} INFO - Processing /opt/airflow/dags/PremierDagLake.py took 0.101 seconds
[2025-08-05T11:32:08.439+0000] {processor.py:161} INFO - Started process (PID=50) to work on /opt/airflow/dags/PremierDagLake.py
[2025-08-05T11:32:08.440+0000] {processor.py:830} INFO - Processing file /opt/airflow/dags/PremierDagLake.py for tasks to queue
[2025-08-05T11:32:08.443+0000] {logging_mixin.py:188} INFO - [2025-08-05T11:32:08.442+0000] {dagbag.py:540} INFO - Filling up the DagBag from /opt/airflow/dags/PremierDagLake.py
[2025-08-05T11:32:08.454+0000] {processor.py:840} INFO - DAG(s) 'Premier_dag' retrieved from /opt/airflow/dags/PremierDagLake.py
[2025-08-05T11:32:08.488+0000] {logging_mixin.py:188} INFO - [2025-08-05T11:32:08.488+0000] {dag.py:3096} INFO - Sync 1 DAGs
[2025-08-05T11:32:08.503+0000] {logging_mixin.py:188} INFO - [2025-08-05T11:32:08.503+0000] {dag.py:3954} INFO - Setting next_dagrun for Premier_dag to None, run_after=None
[2025-08-05T11:32:08.529+0000] {processor.py:183} INFO - Processing /opt/airflow/dags/PremierDagLake.py took 0.096 seconds
[2025-08-05T11:32:38.645+0000] {processor.py:161} INFO - Started process (PID=51) to work on /opt/airflow/dags/PremierDagLake.py
[2025-08-05T11:32:38.646+0000] {processor.py:830} INFO - Processing file /opt/airflow/dags/PremierDagLake.py for tasks to queue
[2025-08-05T11:32:38.649+0000] {logging_mixin.py:188} INFO - [2025-08-05T11:32:38.648+0000] {dagbag.py:540} INFO - Filling up the DagBag from /opt/airflow/dags/PremierDagLake.py
[2025-08-05T11:32:38.660+0000] {processor.py:840} INFO - DAG(s) 'Premier_dag' retrieved from /opt/airflow/dags/PremierDagLake.py
[2025-08-05T11:32:38.697+0000] {logging_mixin.py:188} INFO - [2025-08-05T11:32:38.697+0000] {dag.py:3096} INFO - Sync 1 DAGs
[2025-08-05T11:32:38.715+0000] {logging_mixin.py:188} INFO - [2025-08-05T11:32:38.715+0000] {dag.py:3954} INFO - Setting next_dagrun for Premier_dag to None, run_after=None
[2025-08-05T11:32:38.741+0000] {processor.py:183} INFO - Processing /opt/airflow/dags/PremierDagLake.py took 0.104 seconds
[2025-08-05T11:33:08.907+0000] {processor.py:161} INFO - Started process (PID=52) to work on /opt/airflow/dags/PremierDagLake.py
[2025-08-05T11:33:08.908+0000] {processor.py:830} INFO - Processing file /opt/airflow/dags/PremierDagLake.py for tasks to queue
[2025-08-05T11:33:08.910+0000] {logging_mixin.py:188} INFO - [2025-08-05T11:33:08.910+0000] {dagbag.py:540} INFO - Filling up the DagBag from /opt/airflow/dags/PremierDagLake.py
[2025-08-05T11:33:08.921+0000] {processor.py:840} INFO - DAG(s) 'Premier_dag' retrieved from /opt/airflow/dags/PremierDagLake.py
[2025-08-05T11:33:08.955+0000] {logging_mixin.py:188} INFO - [2025-08-05T11:33:08.955+0000] {dag.py:3096} INFO - Sync 1 DAGs
[2025-08-05T11:33:08.970+0000] {logging_mixin.py:188} INFO - [2025-08-05T11:33:08.969+0000] {dag.py:3954} INFO - Setting next_dagrun for Premier_dag to None, run_after=None
[2025-08-05T11:33:09.007+0000] {processor.py:183} INFO - Processing /opt/airflow/dags/PremierDagLake.py took 0.109 seconds
[2025-08-05T11:33:39.127+0000] {processor.py:161} INFO - Started process (PID=53) to work on /opt/airflow/dags/PremierDagLake.py
[2025-08-05T11:33:39.130+0000] {processor.py:830} INFO - Processing file /opt/airflow/dags/PremierDagLake.py for tasks to queue
[2025-08-05T11:33:39.134+0000] {logging_mixin.py:188} INFO - [2025-08-05T11:33:39.133+0000] {dagbag.py:540} INFO - Filling up the DagBag from /opt/airflow/dags/PremierDagLake.py
[2025-08-05T11:33:39.155+0000] {processor.py:840} INFO - DAG(s) 'Premier_dag' retrieved from /opt/airflow/dags/PremierDagLake.py
[2025-08-05T11:33:39.217+0000] {logging_mixin.py:188} INFO - [2025-08-05T11:33:39.216+0000] {dag.py:3096} INFO - Sync 1 DAGs
[2025-08-05T11:33:39.243+0000] {logging_mixin.py:188} INFO - [2025-08-05T11:33:39.243+0000] {dag.py:3954} INFO - Setting next_dagrun for Premier_dag to None, run_after=None
[2025-08-05T11:33:39.279+0000] {processor.py:183} INFO - Processing /opt/airflow/dags/PremierDagLake.py took 0.165 seconds
[2025-08-05T11:34:09.395+0000] {processor.py:161} INFO - Started process (PID=54) to work on /opt/airflow/dags/PremierDagLake.py
[2025-08-05T11:34:09.397+0000] {processor.py:830} INFO - Processing file /opt/airflow/dags/PremierDagLake.py for tasks to queue
[2025-08-05T11:34:09.399+0000] {logging_mixin.py:188} INFO - [2025-08-05T11:34:09.399+0000] {dagbag.py:540} INFO - Filling up the DagBag from /opt/airflow/dags/PremierDagLake.py
[2025-08-05T11:34:09.410+0000] {processor.py:840} INFO - DAG(s) 'Premier_dag' retrieved from /opt/airflow/dags/PremierDagLake.py
[2025-08-05T11:34:09.445+0000] {logging_mixin.py:188} INFO - [2025-08-05T11:34:09.444+0000] {dag.py:3096} INFO - Sync 1 DAGs
[2025-08-05T11:34:09.460+0000] {logging_mixin.py:188} INFO - [2025-08-05T11:34:09.460+0000] {dag.py:3954} INFO - Setting next_dagrun for Premier_dag to None, run_after=None
[2025-08-05T11:34:09.490+0000] {processor.py:183} INFO - Processing /opt/airflow/dags/PremierDagLake.py took 0.102 seconds
[2025-08-05T11:34:39.650+0000] {processor.py:161} INFO - Started process (PID=55) to work on /opt/airflow/dags/PremierDagLake.py
[2025-08-05T11:34:39.651+0000] {processor.py:830} INFO - Processing file /opt/airflow/dags/PremierDagLake.py for tasks to queue
[2025-08-05T11:34:39.653+0000] {logging_mixin.py:188} INFO - [2025-08-05T11:34:39.652+0000] {dagbag.py:540} INFO - Filling up the DagBag from /opt/airflow/dags/PremierDagLake.py
[2025-08-05T11:34:39.663+0000] {processor.py:840} INFO - DAG(s) 'Premier_dag' retrieved from /opt/airflow/dags/PremierDagLake.py
[2025-08-05T11:34:39.696+0000] {logging_mixin.py:188} INFO - [2025-08-05T11:34:39.696+0000] {dag.py:3096} INFO - Sync 1 DAGs
[2025-08-05T11:34:39.711+0000] {logging_mixin.py:188} INFO - [2025-08-05T11:34:39.710+0000] {dag.py:3954} INFO - Setting next_dagrun for Premier_dag to None, run_after=None
[2025-08-05T11:34:39.734+0000] {processor.py:183} INFO - Processing /opt/airflow/dags/PremierDagLake.py took 0.091 seconds
[2025-08-05T11:35:09.850+0000] {processor.py:161} INFO - Started process (PID=56) to work on /opt/airflow/dags/PremierDagLake.py
[2025-08-05T11:35:09.852+0000] {processor.py:830} INFO - Processing file /opt/airflow/dags/PremierDagLake.py for tasks to queue
[2025-08-05T11:35:09.855+0000] {logging_mixin.py:188} INFO - [2025-08-05T11:35:09.854+0000] {dagbag.py:540} INFO - Filling up the DagBag from /opt/airflow/dags/PremierDagLake.py
[2025-08-05T11:35:09.866+0000] {processor.py:840} INFO - DAG(s) 'Premier_dag' retrieved from /opt/airflow/dags/PremierDagLake.py
[2025-08-05T11:35:09.905+0000] {logging_mixin.py:188} INFO - [2025-08-05T11:35:09.905+0000] {dag.py:3096} INFO - Sync 1 DAGs
[2025-08-05T11:35:09.923+0000] {logging_mixin.py:188} INFO - [2025-08-05T11:35:09.923+0000] {dag.py:3954} INFO - Setting next_dagrun for Premier_dag to None, run_after=None
[2025-08-05T11:35:09.949+0000] {processor.py:183} INFO - Processing /opt/airflow/dags/PremierDagLake.py took 0.106 seconds
[2025-08-05T11:35:40.096+0000] {processor.py:161} INFO - Started process (PID=57) to work on /opt/airflow/dags/PremierDagLake.py
[2025-08-05T11:35:40.097+0000] {processor.py:830} INFO - Processing file /opt/airflow/dags/PremierDagLake.py for tasks to queue
[2025-08-05T11:35:40.100+0000] {logging_mixin.py:188} INFO - [2025-08-05T11:35:40.099+0000] {dagbag.py:540} INFO - Filling up the DagBag from /opt/airflow/dags/PremierDagLake.py
[2025-08-05T11:35:40.113+0000] {processor.py:840} INFO - DAG(s) 'Premier_dag' retrieved from /opt/airflow/dags/PremierDagLake.py
[2025-08-05T11:35:40.152+0000] {logging_mixin.py:188} INFO - [2025-08-05T11:35:40.151+0000] {dag.py:3096} INFO - Sync 1 DAGs
[2025-08-05T11:35:40.169+0000] {logging_mixin.py:188} INFO - [2025-08-05T11:35:40.168+0000] {dag.py:3954} INFO - Setting next_dagrun for Premier_dag to None, run_after=None
[2025-08-05T11:35:40.196+0000] {processor.py:183} INFO - Processing /opt/airflow/dags/PremierDagLake.py took 0.111 seconds
[2025-08-05T11:36:10.317+0000] {processor.py:161} INFO - Started process (PID=58) to work on /opt/airflow/dags/PremierDagLake.py
[2025-08-05T11:36:10.320+0000] {processor.py:830} INFO - Processing file /opt/airflow/dags/PremierDagLake.py for tasks to queue
[2025-08-05T11:36:10.323+0000] {logging_mixin.py:188} INFO - [2025-08-05T11:36:10.322+0000] {dagbag.py:540} INFO - Filling up the DagBag from /opt/airflow/dags/PremierDagLake.py
[2025-08-05T11:36:10.336+0000] {processor.py:840} INFO - DAG(s) 'Premier_dag' retrieved from /opt/airflow/dags/PremierDagLake.py
[2025-08-05T11:36:10.377+0000] {logging_mixin.py:188} INFO - [2025-08-05T11:36:10.377+0000] {dag.py:3096} INFO - Sync 1 DAGs
[2025-08-05T11:36:10.396+0000] {logging_mixin.py:188} INFO - [2025-08-05T11:36:10.395+0000] {dag.py:3954} INFO - Setting next_dagrun for Premier_dag to None, run_after=None
[2025-08-05T11:36:10.421+0000] {processor.py:183} INFO - Processing /opt/airflow/dags/PremierDagLake.py took 0.115 seconds
[2025-08-05T11:36:40.580+0000] {processor.py:161} INFO - Started process (PID=59) to work on /opt/airflow/dags/PremierDagLake.py
[2025-08-05T11:36:40.581+0000] {processor.py:830} INFO - Processing file /opt/airflow/dags/PremierDagLake.py for tasks to queue
[2025-08-05T11:36:40.583+0000] {logging_mixin.py:188} INFO - [2025-08-05T11:36:40.583+0000] {dagbag.py:540} INFO - Filling up the DagBag from /opt/airflow/dags/PremierDagLake.py
[2025-08-05T11:36:40.594+0000] {processor.py:840} INFO - DAG(s) 'Premier_dag' retrieved from /opt/airflow/dags/PremierDagLake.py
[2025-08-05T11:36:40.629+0000] {logging_mixin.py:188} INFO - [2025-08-05T11:36:40.629+0000] {dag.py:3096} INFO - Sync 1 DAGs
[2025-08-05T11:36:40.644+0000] {logging_mixin.py:188} INFO - [2025-08-05T11:36:40.644+0000] {dag.py:3954} INFO - Setting next_dagrun for Premier_dag to None, run_after=None
[2025-08-05T11:36:40.670+0000] {processor.py:183} INFO - Processing /opt/airflow/dags/PremierDagLake.py took 0.097 seconds
[2025-08-05T11:37:10.764+0000] {processor.py:161} INFO - Started process (PID=60) to work on /opt/airflow/dags/PremierDagLake.py
[2025-08-05T11:37:10.766+0000] {processor.py:830} INFO - Processing file /opt/airflow/dags/PremierDagLake.py for tasks to queue
[2025-08-05T11:37:10.768+0000] {logging_mixin.py:188} INFO - [2025-08-05T11:37:10.767+0000] {dagbag.py:540} INFO - Filling up the DagBag from /opt/airflow/dags/PremierDagLake.py
[2025-08-05T11:37:10.778+0000] {processor.py:840} INFO - DAG(s) 'Premier_dag' retrieved from /opt/airflow/dags/PremierDagLake.py
[2025-08-05T11:37:10.814+0000] {logging_mixin.py:188} INFO - [2025-08-05T11:37:10.813+0000] {dag.py:3096} INFO - Sync 1 DAGs
[2025-08-05T11:37:10.830+0000] {logging_mixin.py:188} INFO - [2025-08-05T11:37:10.830+0000] {dag.py:3954} INFO - Setting next_dagrun for Premier_dag to None, run_after=None
[2025-08-05T11:37:10.856+0000] {processor.py:183} INFO - Processing /opt/airflow/dags/PremierDagLake.py took 0.101 seconds
[2025-08-05T11:37:41.035+0000] {processor.py:161} INFO - Started process (PID=61) to work on /opt/airflow/dags/PremierDagLake.py
[2025-08-05T11:37:41.037+0000] {processor.py:830} INFO - Processing file /opt/airflow/dags/PremierDagLake.py for tasks to queue
[2025-08-05T11:37:41.040+0000] {logging_mixin.py:188} INFO - [2025-08-05T11:37:41.040+0000] {dagbag.py:540} INFO - Filling up the DagBag from /opt/airflow/dags/PremierDagLake.py
[2025-08-05T11:37:41.051+0000] {processor.py:840} INFO - DAG(s) 'Premier_dag' retrieved from /opt/airflow/dags/PremierDagLake.py
[2025-08-05T11:37:41.097+0000] {logging_mixin.py:188} INFO - [2025-08-05T11:37:41.097+0000] {dag.py:3096} INFO - Sync 1 DAGs
[2025-08-05T11:37:41.116+0000] {logging_mixin.py:188} INFO - [2025-08-05T11:37:41.116+0000] {dag.py:3954} INFO - Setting next_dagrun for Premier_dag to None, run_after=None
[2025-08-05T11:37:41.144+0000] {processor.py:183} INFO - Processing /opt/airflow/dags/PremierDagLake.py took 0.119 seconds
[2025-08-05T11:38:11.245+0000] {processor.py:161} INFO - Started process (PID=62) to work on /opt/airflow/dags/PremierDagLake.py
[2025-08-05T11:38:11.246+0000] {processor.py:830} INFO - Processing file /opt/airflow/dags/PremierDagLake.py for tasks to queue
[2025-08-05T11:38:11.248+0000] {logging_mixin.py:188} INFO - [2025-08-05T11:38:11.248+0000] {dagbag.py:540} INFO - Filling up the DagBag from /opt/airflow/dags/PremierDagLake.py
[2025-08-05T11:38:11.261+0000] {processor.py:840} INFO - DAG(s) 'Premier_dag' retrieved from /opt/airflow/dags/PremierDagLake.py
[2025-08-05T11:38:11.298+0000] {logging_mixin.py:188} INFO - [2025-08-05T11:38:11.298+0000] {dag.py:3096} INFO - Sync 1 DAGs
[2025-08-05T11:38:11.316+0000] {logging_mixin.py:188} INFO - [2025-08-05T11:38:11.316+0000] {dag.py:3954} INFO - Setting next_dagrun for Premier_dag to None, run_after=None
[2025-08-05T11:38:11.346+0000] {processor.py:183} INFO - Processing /opt/airflow/dags/PremierDagLake.py took 0.110 seconds
[2025-08-05T11:38:41.515+0000] {processor.py:161} INFO - Started process (PID=63) to work on /opt/airflow/dags/PremierDagLake.py
[2025-08-05T11:38:41.517+0000] {processor.py:830} INFO - Processing file /opt/airflow/dags/PremierDagLake.py for tasks to queue
[2025-08-05T11:38:41.519+0000] {logging_mixin.py:188} INFO - [2025-08-05T11:38:41.519+0000] {dagbag.py:540} INFO - Filling up the DagBag from /opt/airflow/dags/PremierDagLake.py
[2025-08-05T11:38:41.531+0000] {processor.py:840} INFO - DAG(s) 'Premier_dag' retrieved from /opt/airflow/dags/PremierDagLake.py
[2025-08-05T11:38:41.571+0000] {logging_mixin.py:188} INFO - [2025-08-05T11:38:41.571+0000] {dag.py:3096} INFO - Sync 1 DAGs
[2025-08-05T11:38:41.588+0000] {logging_mixin.py:188} INFO - [2025-08-05T11:38:41.588+0000] {dag.py:3954} INFO - Setting next_dagrun for Premier_dag to None, run_after=None
[2025-08-05T11:38:41.613+0000] {processor.py:183} INFO - Processing /opt/airflow/dags/PremierDagLake.py took 0.106 seconds
[2025-08-05T11:39:11.723+0000] {processor.py:161} INFO - Started process (PID=64) to work on /opt/airflow/dags/PremierDagLake.py
[2025-08-05T11:39:11.724+0000] {processor.py:830} INFO - Processing file /opt/airflow/dags/PremierDagLake.py for tasks to queue
[2025-08-05T11:39:11.727+0000] {logging_mixin.py:188} INFO - [2025-08-05T11:39:11.726+0000] {dagbag.py:540} INFO - Filling up the DagBag from /opt/airflow/dags/PremierDagLake.py
[2025-08-05T11:39:11.737+0000] {processor.py:840} INFO - DAG(s) 'Premier_dag' retrieved from /opt/airflow/dags/PremierDagLake.py
[2025-08-05T11:39:11.775+0000] {logging_mixin.py:188} INFO - [2025-08-05T11:39:11.774+0000] {dag.py:3096} INFO - Sync 1 DAGs
[2025-08-05T11:39:11.790+0000] {logging_mixin.py:188} INFO - [2025-08-05T11:39:11.789+0000] {dag.py:3954} INFO - Setting next_dagrun for Premier_dag to None, run_after=None
[2025-08-05T11:39:11.814+0000] {processor.py:183} INFO - Processing /opt/airflow/dags/PremierDagLake.py took 0.098 seconds
[2025-08-05T11:39:41.997+0000] {processor.py:161} INFO - Started process (PID=65) to work on /opt/airflow/dags/PremierDagLake.py
[2025-08-05T11:39:42.000+0000] {processor.py:830} INFO - Processing file /opt/airflow/dags/PremierDagLake.py for tasks to queue
[2025-08-05T11:39:42.004+0000] {logging_mixin.py:188} INFO - [2025-08-05T11:39:42.003+0000] {dagbag.py:540} INFO - Filling up the DagBag from /opt/airflow/dags/PremierDagLake.py
[2025-08-05T11:39:42.017+0000] {processor.py:840} INFO - DAG(s) 'Premier_dag' retrieved from /opt/airflow/dags/PremierDagLake.py
[2025-08-05T11:39:42.052+0000] {logging_mixin.py:188} INFO - [2025-08-05T11:39:42.052+0000] {dag.py:3096} INFO - Sync 1 DAGs
[2025-08-05T11:39:42.068+0000] {logging_mixin.py:188} INFO - [2025-08-05T11:39:42.068+0000] {dag.py:3954} INFO - Setting next_dagrun for Premier_dag to None, run_after=None
[2025-08-05T11:39:42.095+0000] {processor.py:183} INFO - Processing /opt/airflow/dags/PremierDagLake.py took 0.107 seconds
[2025-08-05T11:40:12.193+0000] {processor.py:161} INFO - Started process (PID=66) to work on /opt/airflow/dags/PremierDagLake.py
[2025-08-05T11:40:12.193+0000] {processor.py:830} INFO - Processing file /opt/airflow/dags/PremierDagLake.py for tasks to queue
[2025-08-05T11:40:12.196+0000] {logging_mixin.py:188} INFO - [2025-08-05T11:40:12.195+0000] {dagbag.py:540} INFO - Filling up the DagBag from /opt/airflow/dags/PremierDagLake.py
[2025-08-05T11:40:12.206+0000] {processor.py:840} INFO - DAG(s) 'Premier_dag' retrieved from /opt/airflow/dags/PremierDagLake.py
[2025-08-05T11:40:12.242+0000] {logging_mixin.py:188} INFO - [2025-08-05T11:40:12.242+0000] {dag.py:3096} INFO - Sync 1 DAGs
[2025-08-05T11:40:12.257+0000] {logging_mixin.py:188} INFO - [2025-08-05T11:40:12.256+0000] {dag.py:3954} INFO - Setting next_dagrun for Premier_dag to None, run_after=None
[2025-08-05T11:40:12.283+0000] {processor.py:183} INFO - Processing /opt/airflow/dags/PremierDagLake.py took 0.099 seconds
[2025-08-05T11:40:42.460+0000] {processor.py:161} INFO - Started process (PID=67) to work on /opt/airflow/dags/PremierDagLake.py
[2025-08-05T11:40:42.463+0000] {processor.py:830} INFO - Processing file /opt/airflow/dags/PremierDagLake.py for tasks to queue
[2025-08-05T11:40:42.468+0000] {logging_mixin.py:188} INFO - [2025-08-05T11:40:42.466+0000] {dagbag.py:540} INFO - Filling up the DagBag from /opt/airflow/dags/PremierDagLake.py
[2025-08-05T11:40:42.482+0000] {processor.py:840} INFO - DAG(s) 'Premier_dag' retrieved from /opt/airflow/dags/PremierDagLake.py
[2025-08-05T11:40:42.525+0000] {logging_mixin.py:188} INFO - [2025-08-05T11:40:42.523+0000] {dag.py:3096} INFO - Sync 1 DAGs
[2025-08-05T11:40:42.542+0000] {logging_mixin.py:188} INFO - [2025-08-05T11:40:42.541+0000] {dag.py:3954} INFO - Setting next_dagrun for Premier_dag to None, run_after=None
[2025-08-05T11:40:42.566+0000] {processor.py:183} INFO - Processing /opt/airflow/dags/PremierDagLake.py took 0.120 seconds
[2025-08-05T11:41:12.654+0000] {processor.py:161} INFO - Started process (PID=68) to work on /opt/airflow/dags/PremierDagLake.py
[2025-08-05T11:41:12.655+0000] {processor.py:830} INFO - Processing file /opt/airflow/dags/PremierDagLake.py for tasks to queue
[2025-08-05T11:41:12.658+0000] {logging_mixin.py:188} INFO - [2025-08-05T11:41:12.658+0000] {dagbag.py:540} INFO - Filling up the DagBag from /opt/airflow/dags/PremierDagLake.py
[2025-08-05T11:41:12.668+0000] {processor.py:840} INFO - DAG(s) 'Premier_dag' retrieved from /opt/airflow/dags/PremierDagLake.py
[2025-08-05T11:41:12.703+0000] {logging_mixin.py:188} INFO - [2025-08-05T11:41:12.703+0000] {dag.py:3096} INFO - Sync 1 DAGs
[2025-08-05T11:41:12.719+0000] {logging_mixin.py:188} INFO - [2025-08-05T11:41:12.719+0000] {dag.py:3954} INFO - Setting next_dagrun for Premier_dag to None, run_after=None
[2025-08-05T11:41:12.746+0000] {processor.py:183} INFO - Processing /opt/airflow/dags/PremierDagLake.py took 0.100 seconds
[2025-08-05T11:41:42.963+0000] {processor.py:161} INFO - Started process (PID=69) to work on /opt/airflow/dags/PremierDagLake.py
[2025-08-05T11:41:42.965+0000] {processor.py:830} INFO - Processing file /opt/airflow/dags/PremierDagLake.py for tasks to queue
[2025-08-05T11:41:42.969+0000] {logging_mixin.py:188} INFO - [2025-08-05T11:41:42.968+0000] {dagbag.py:540} INFO - Filling up the DagBag from /opt/airflow/dags/PremierDagLake.py
[2025-08-05T11:41:42.987+0000] {processor.py:840} INFO - DAG(s) 'Premier_dag' retrieved from /opt/airflow/dags/PremierDagLake.py
[2025-08-05T11:41:43.052+0000] {logging_mixin.py:188} INFO - [2025-08-05T11:41:43.051+0000] {dag.py:3096} INFO - Sync 1 DAGs
[2025-08-05T11:41:43.076+0000] {logging_mixin.py:188} INFO - [2025-08-05T11:41:43.075+0000] {dag.py:3954} INFO - Setting next_dagrun for Premier_dag to None, run_after=None
[2025-08-05T11:41:43.108+0000] {processor.py:183} INFO - Processing /opt/airflow/dags/PremierDagLake.py took 0.159 seconds
[2025-08-05T11:42:13.148+0000] {processor.py:161} INFO - Started process (PID=70) to work on /opt/airflow/dags/PremierDagLake.py
[2025-08-05T11:42:13.149+0000] {processor.py:830} INFO - Processing file /opt/airflow/dags/PremierDagLake.py for tasks to queue
[2025-08-05T11:42:13.152+0000] {logging_mixin.py:188} INFO - [2025-08-05T11:42:13.151+0000] {dagbag.py:540} INFO - Filling up the DagBag from /opt/airflow/dags/PremierDagLake.py
[2025-08-05T11:42:13.164+0000] {processor.py:840} INFO - DAG(s) 'Premier_dag' retrieved from /opt/airflow/dags/PremierDagLake.py
[2025-08-05T11:42:13.199+0000] {logging_mixin.py:188} INFO - [2025-08-05T11:42:13.199+0000] {dag.py:3096} INFO - Sync 1 DAGs
[2025-08-05T11:42:13.216+0000] {logging_mixin.py:188} INFO - [2025-08-05T11:42:13.215+0000] {dag.py:3954} INFO - Setting next_dagrun for Premier_dag to None, run_after=None
[2025-08-05T11:42:13.243+0000] {processor.py:183} INFO - Processing /opt/airflow/dags/PremierDagLake.py took 0.105 seconds
[2025-08-05T11:42:43.353+0000] {processor.py:161} INFO - Started process (PID=71) to work on /opt/airflow/dags/PremierDagLake.py
[2025-08-05T11:42:43.356+0000] {processor.py:830} INFO - Processing file /opt/airflow/dags/PremierDagLake.py for tasks to queue
[2025-08-05T11:42:43.359+0000] {logging_mixin.py:188} INFO - [2025-08-05T11:42:43.358+0000] {dagbag.py:540} INFO - Filling up the DagBag from /opt/airflow/dags/PremierDagLake.py
[2025-08-05T11:42:43.369+0000] {processor.py:840} INFO - DAG(s) 'Premier_dag' retrieved from /opt/airflow/dags/PremierDagLake.py
[2025-08-05T11:42:43.407+0000] {logging_mixin.py:188} INFO - [2025-08-05T11:42:43.406+0000] {dag.py:3096} INFO - Sync 1 DAGs
[2025-08-05T11:42:43.423+0000] {logging_mixin.py:188} INFO - [2025-08-05T11:42:43.423+0000] {dag.py:3954} INFO - Setting next_dagrun for Premier_dag to None, run_after=None
[2025-08-05T11:42:43.450+0000] {processor.py:183} INFO - Processing /opt/airflow/dags/PremierDagLake.py took 0.107 seconds
[2025-08-05T11:43:13.627+0000] {processor.py:161} INFO - Started process (PID=72) to work on /opt/airflow/dags/PremierDagLake.py
[2025-08-05T11:43:13.628+0000] {processor.py:830} INFO - Processing file /opt/airflow/dags/PremierDagLake.py for tasks to queue
[2025-08-05T11:43:13.631+0000] {logging_mixin.py:188} INFO - [2025-08-05T11:43:13.630+0000] {dagbag.py:540} INFO - Filling up the DagBag from /opt/airflow/dags/PremierDagLake.py
[2025-08-05T11:43:13.642+0000] {processor.py:840} INFO - DAG(s) 'Premier_dag' retrieved from /opt/airflow/dags/PremierDagLake.py
[2025-08-05T11:43:13.677+0000] {logging_mixin.py:188} INFO - [2025-08-05T11:43:13.677+0000] {dag.py:3096} INFO - Sync 1 DAGs
[2025-08-05T11:43:13.692+0000] {logging_mixin.py:188} INFO - [2025-08-05T11:43:13.691+0000] {dag.py:3954} INFO - Setting next_dagrun for Premier_dag to None, run_after=None
[2025-08-05T11:43:13.716+0000] {processor.py:183} INFO - Processing /opt/airflow/dags/PremierDagLake.py took 0.099 seconds
[2025-08-05T11:43:43.840+0000] {processor.py:161} INFO - Started process (PID=73) to work on /opt/airflow/dags/PremierDagLake.py
[2025-08-05T11:43:43.842+0000] {processor.py:830} INFO - Processing file /opt/airflow/dags/PremierDagLake.py for tasks to queue
[2025-08-05T11:43:43.845+0000] {logging_mixin.py:188} INFO - [2025-08-05T11:43:43.844+0000] {dagbag.py:540} INFO - Filling up the DagBag from /opt/airflow/dags/PremierDagLake.py
[2025-08-05T11:43:43.856+0000] {processor.py:840} INFO - DAG(s) 'Premier_dag' retrieved from /opt/airflow/dags/PremierDagLake.py
[2025-08-05T11:43:43.892+0000] {logging_mixin.py:188} INFO - [2025-08-05T11:43:43.891+0000] {dag.py:3096} INFO - Sync 1 DAGs
[2025-08-05T11:43:43.907+0000] {logging_mixin.py:188} INFO - [2025-08-05T11:43:43.907+0000] {dag.py:3954} INFO - Setting next_dagrun for Premier_dag to None, run_after=None
[2025-08-05T11:43:43.931+0000] {processor.py:183} INFO - Processing /opt/airflow/dags/PremierDagLake.py took 0.101 seconds
[2025-08-05T11:44:14.098+0000] {processor.py:161} INFO - Started process (PID=74) to work on /opt/airflow/dags/PremierDagLake.py
[2025-08-05T11:44:14.099+0000] {processor.py:830} INFO - Processing file /opt/airflow/dags/PremierDagLake.py for tasks to queue
[2025-08-05T11:44:14.102+0000] {logging_mixin.py:188} INFO - [2025-08-05T11:44:14.102+0000] {dagbag.py:540} INFO - Filling up the DagBag from /opt/airflow/dags/PremierDagLake.py
[2025-08-05T11:44:14.112+0000] {processor.py:840} INFO - DAG(s) 'Premier_dag' retrieved from /opt/airflow/dags/PremierDagLake.py
[2025-08-05T11:44:14.146+0000] {logging_mixin.py:188} INFO - [2025-08-05T11:44:14.145+0000] {dag.py:3096} INFO - Sync 1 DAGs
[2025-08-05T11:44:14.161+0000] {logging_mixin.py:188} INFO - [2025-08-05T11:44:14.160+0000] {dag.py:3954} INFO - Setting next_dagrun for Premier_dag to None, run_after=None
[2025-08-05T11:44:14.184+0000] {processor.py:183} INFO - Processing /opt/airflow/dags/PremierDagLake.py took 0.094 seconds
[2025-08-05T11:44:44.302+0000] {processor.py:161} INFO - Started process (PID=75) to work on /opt/airflow/dags/PremierDagLake.py
[2025-08-05T11:44:44.303+0000] {processor.py:830} INFO - Processing file /opt/airflow/dags/PremierDagLake.py for tasks to queue
[2025-08-05T11:44:44.306+0000] {logging_mixin.py:188} INFO - [2025-08-05T11:44:44.305+0000] {dagbag.py:540} INFO - Filling up the DagBag from /opt/airflow/dags/PremierDagLake.py
[2025-08-05T11:44:44.316+0000] {processor.py:840} INFO - DAG(s) 'Premier_dag' retrieved from /opt/airflow/dags/PremierDagLake.py
[2025-08-05T11:44:44.351+0000] {logging_mixin.py:188} INFO - [2025-08-05T11:44:44.351+0000] {dag.py:3096} INFO - Sync 1 DAGs
[2025-08-05T11:44:44.367+0000] {logging_mixin.py:188} INFO - [2025-08-05T11:44:44.367+0000] {dag.py:3954} INFO - Setting next_dagrun for Premier_dag to None, run_after=None
[2025-08-05T11:44:44.392+0000] {processor.py:183} INFO - Processing /opt/airflow/dags/PremierDagLake.py took 0.099 seconds
[2025-08-05T11:45:14.558+0000] {processor.py:161} INFO - Started process (PID=76) to work on /opt/airflow/dags/PremierDagLake.py
[2025-08-05T11:45:14.559+0000] {processor.py:830} INFO - Processing file /opt/airflow/dags/PremierDagLake.py for tasks to queue
[2025-08-05T11:45:14.563+0000] {logging_mixin.py:188} INFO - [2025-08-05T11:45:14.562+0000] {dagbag.py:540} INFO - Filling up the DagBag from /opt/airflow/dags/PremierDagLake.py
[2025-08-05T11:45:14.573+0000] {processor.py:840} INFO - DAG(s) 'Premier_dag' retrieved from /opt/airflow/dags/PremierDagLake.py
[2025-08-05T11:45:14.608+0000] {logging_mixin.py:188} INFO - [2025-08-05T11:45:14.608+0000] {dag.py:3096} INFO - Sync 1 DAGs
[2025-08-05T11:45:14.623+0000] {logging_mixin.py:188} INFO - [2025-08-05T11:45:14.623+0000] {dag.py:3954} INFO - Setting next_dagrun for Premier_dag to None, run_after=None
[2025-08-05T11:45:14.648+0000] {processor.py:183} INFO - Processing /opt/airflow/dags/PremierDagLake.py took 0.099 seconds
[2025-08-05T11:45:44.749+0000] {processor.py:161} INFO - Started process (PID=77) to work on /opt/airflow/dags/PremierDagLake.py
[2025-08-05T11:45:44.751+0000] {processor.py:830} INFO - Processing file /opt/airflow/dags/PremierDagLake.py for tasks to queue
[2025-08-05T11:45:44.755+0000] {logging_mixin.py:188} INFO - [2025-08-05T11:45:44.754+0000] {dagbag.py:540} INFO - Filling up the DagBag from /opt/airflow/dags/PremierDagLake.py
[2025-08-05T11:45:44.765+0000] {processor.py:840} INFO - DAG(s) 'Premier_dag' retrieved from /opt/airflow/dags/PremierDagLake.py
[2025-08-05T11:45:44.800+0000] {logging_mixin.py:188} INFO - [2025-08-05T11:45:44.799+0000] {dag.py:3096} INFO - Sync 1 DAGs
[2025-08-05T11:45:44.814+0000] {logging_mixin.py:188} INFO - [2025-08-05T11:45:44.814+0000] {dag.py:3954} INFO - Setting next_dagrun for Premier_dag to None, run_after=None
[2025-08-05T11:45:44.839+0000] {processor.py:183} INFO - Processing /opt/airflow/dags/PremierDagLake.py took 0.097 seconds
[2025-08-05T11:46:15.034+0000] {processor.py:161} INFO - Started process (PID=78) to work on /opt/airflow/dags/PremierDagLake.py
[2025-08-05T11:46:15.035+0000] {processor.py:830} INFO - Processing file /opt/airflow/dags/PremierDagLake.py for tasks to queue
[2025-08-05T11:46:15.040+0000] {logging_mixin.py:188} INFO - [2025-08-05T11:46:15.038+0000] {dagbag.py:540} INFO - Filling up the DagBag from /opt/airflow/dags/PremierDagLake.py
[2025-08-05T11:46:15.056+0000] {processor.py:840} INFO - DAG(s) 'Premier_dag' retrieved from /opt/airflow/dags/PremierDagLake.py
[2025-08-05T11:46:15.121+0000] {logging_mixin.py:188} INFO - [2025-08-05T11:46:15.120+0000] {dag.py:3096} INFO - Sync 1 DAGs
[2025-08-05T11:46:15.151+0000] {logging_mixin.py:188} INFO - [2025-08-05T11:46:15.151+0000] {dag.py:3954} INFO - Setting next_dagrun for Premier_dag to None, run_after=None
[2025-08-05T11:46:15.190+0000] {processor.py:183} INFO - Processing /opt/airflow/dags/PremierDagLake.py took 0.166 seconds
[2025-08-05T11:46:45.249+0000] {processor.py:161} INFO - Started process (PID=79) to work on /opt/airflow/dags/PremierDagLake.py
[2025-08-05T11:46:45.251+0000] {processor.py:830} INFO - Processing file /opt/airflow/dags/PremierDagLake.py for tasks to queue
[2025-08-05T11:46:45.255+0000] {logging_mixin.py:188} INFO - [2025-08-05T11:46:45.254+0000] {dagbag.py:540} INFO - Filling up the DagBag from /opt/airflow/dags/PremierDagLake.py
[2025-08-05T11:46:45.265+0000] {processor.py:840} INFO - DAG(s) 'Premier_dag' retrieved from /opt/airflow/dags/PremierDagLake.py
[2025-08-05T11:46:45.300+0000] {logging_mixin.py:188} INFO - [2025-08-05T11:46:45.300+0000] {dag.py:3096} INFO - Sync 1 DAGs
[2025-08-05T11:46:45.317+0000] {logging_mixin.py:188} INFO - [2025-08-05T11:46:45.316+0000] {dag.py:3954} INFO - Setting next_dagrun for Premier_dag to None, run_after=None
[2025-08-05T11:46:45.342+0000] {processor.py:183} INFO - Processing /opt/airflow/dags/PremierDagLake.py took 0.103 seconds
[2025-08-05T11:47:15.427+0000] {processor.py:161} INFO - Started process (PID=80) to work on /opt/airflow/dags/PremierDagLake.py
[2025-08-05T11:47:15.429+0000] {processor.py:830} INFO - Processing file /opt/airflow/dags/PremierDagLake.py for tasks to queue
[2025-08-05T11:47:15.432+0000] {logging_mixin.py:188} INFO - [2025-08-05T11:47:15.432+0000] {dagbag.py:540} INFO - Filling up the DagBag from /opt/airflow/dags/PremierDagLake.py
[2025-08-05T11:47:15.443+0000] {processor.py:840} INFO - DAG(s) 'Premier_dag' retrieved from /opt/airflow/dags/PremierDagLake.py
[2025-08-05T11:47:15.480+0000] {logging_mixin.py:188} INFO - [2025-08-05T11:47:15.480+0000] {dag.py:3096} INFO - Sync 1 DAGs
[2025-08-05T11:47:15.496+0000] {logging_mixin.py:188} INFO - [2025-08-05T11:47:15.495+0000] {dag.py:3954} INFO - Setting next_dagrun for Premier_dag to None, run_after=None
[2025-08-05T11:47:15.518+0000] {processor.py:183} INFO - Processing /opt/airflow/dags/PremierDagLake.py took 0.099 seconds
[2025-08-05T11:47:45.735+0000] {processor.py:161} INFO - Started process (PID=81) to work on /opt/airflow/dags/PremierDagLake.py
[2025-08-05T11:47:45.738+0000] {processor.py:830} INFO - Processing file /opt/airflow/dags/PremierDagLake.py for tasks to queue
[2025-08-05T11:47:45.742+0000] {logging_mixin.py:188} INFO - [2025-08-05T11:47:45.741+0000] {dagbag.py:540} INFO - Filling up the DagBag from /opt/airflow/dags/PremierDagLake.py
[2025-08-05T11:47:45.753+0000] {processor.py:840} INFO - DAG(s) 'Premier_dag' retrieved from /opt/airflow/dags/PremierDagLake.py
[2025-08-05T11:47:45.790+0000] {logging_mixin.py:188} INFO - [2025-08-05T11:47:45.790+0000] {dag.py:3096} INFO - Sync 1 DAGs
[2025-08-05T11:47:45.805+0000] {logging_mixin.py:188} INFO - [2025-08-05T11:47:45.804+0000] {dag.py:3954} INFO - Setting next_dagrun for Premier_dag to None, run_after=None
[2025-08-05T11:47:45.831+0000] {processor.py:183} INFO - Processing /opt/airflow/dags/PremierDagLake.py took 0.105 seconds
[2025-08-05T11:48:15.944+0000] {processor.py:161} INFO - Started process (PID=82) to work on /opt/airflow/dags/PremierDagLake.py
[2025-08-05T11:48:15.945+0000] {processor.py:830} INFO - Processing file /opt/airflow/dags/PremierDagLake.py for tasks to queue
[2025-08-05T11:48:15.948+0000] {logging_mixin.py:188} INFO - [2025-08-05T11:48:15.948+0000] {dagbag.py:540} INFO - Filling up the DagBag from /opt/airflow/dags/PremierDagLake.py
[2025-08-05T11:48:15.960+0000] {processor.py:840} INFO - DAG(s) 'Premier_dag' retrieved from /opt/airflow/dags/PremierDagLake.py
[2025-08-05T11:48:16.020+0000] {logging_mixin.py:188} INFO - [2025-08-05T11:48:16.020+0000] {dag.py:3096} INFO - Sync 1 DAGs
[2025-08-05T11:48:16.046+0000] {logging_mixin.py:188} INFO - [2025-08-05T11:48:16.045+0000] {dag.py:3954} INFO - Setting next_dagrun for Premier_dag to None, run_after=None
[2025-08-05T11:48:16.076+0000] {processor.py:183} INFO - Processing /opt/airflow/dags/PremierDagLake.py took 0.140 seconds
[2025-08-05T11:48:46.242+0000] {processor.py:161} INFO - Started process (PID=83) to work on /opt/airflow/dags/PremierDagLake.py
[2025-08-05T11:48:46.245+0000] {processor.py:830} INFO - Processing file /opt/airflow/dags/PremierDagLake.py for tasks to queue
[2025-08-05T11:48:46.252+0000] {logging_mixin.py:188} INFO - [2025-08-05T11:48:46.251+0000] {dagbag.py:540} INFO - Filling up the DagBag from /opt/airflow/dags/PremierDagLake.py
[2025-08-05T11:48:46.278+0000] {processor.py:840} INFO - DAG(s) 'Premier_dag' retrieved from /opt/airflow/dags/PremierDagLake.py
[2025-08-05T11:48:46.361+0000] {logging_mixin.py:188} INFO - [2025-08-05T11:48:46.360+0000] {dag.py:3096} INFO - Sync 1 DAGs
[2025-08-05T11:48:46.391+0000] {logging_mixin.py:188} INFO - [2025-08-05T11:48:46.390+0000] {dag.py:3954} INFO - Setting next_dagrun for Premier_dag to None, run_after=None
[2025-08-05T11:48:46.434+0000] {processor.py:183} INFO - Processing /opt/airflow/dags/PremierDagLake.py took 0.207 seconds
[2025-08-05T11:49:16.639+0000] {processor.py:161} INFO - Started process (PID=84) to work on /opt/airflow/dags/PremierDagLake.py
[2025-08-05T11:49:16.640+0000] {processor.py:830} INFO - Processing file /opt/airflow/dags/PremierDagLake.py for tasks to queue
[2025-08-05T11:49:16.643+0000] {logging_mixin.py:188} INFO - [2025-08-05T11:49:16.643+0000] {dagbag.py:540} INFO - Filling up the DagBag from /opt/airflow/dags/PremierDagLake.py
[2025-08-05T11:49:16.653+0000] {processor.py:840} INFO - DAG(s) 'Premier_dag' retrieved from /opt/airflow/dags/PremierDagLake.py
[2025-08-05T11:49:16.689+0000] {logging_mixin.py:188} INFO - [2025-08-05T11:49:16.688+0000] {dag.py:3096} INFO - Sync 1 DAGs
[2025-08-05T11:49:16.703+0000] {logging_mixin.py:188} INFO - [2025-08-05T11:49:16.703+0000] {dag.py:3954} INFO - Setting next_dagrun for Premier_dag to None, run_after=None
[2025-08-05T11:49:16.725+0000] {processor.py:183} INFO - Processing /opt/airflow/dags/PremierDagLake.py took 0.093 seconds
[2025-08-05T11:49:46.840+0000] {processor.py:161} INFO - Started process (PID=85) to work on /opt/airflow/dags/PremierDagLake.py
[2025-08-05T11:49:46.843+0000] {processor.py:830} INFO - Processing file /opt/airflow/dags/PremierDagLake.py for tasks to queue
[2025-08-05T11:49:46.847+0000] {logging_mixin.py:188} INFO - [2025-08-05T11:49:46.845+0000] {dagbag.py:540} INFO - Filling up the DagBag from /opt/airflow/dags/PremierDagLake.py
[2025-08-05T11:49:46.858+0000] {processor.py:840} INFO - DAG(s) 'Premier_dag' retrieved from /opt/airflow/dags/PremierDagLake.py
[2025-08-05T11:49:46.897+0000] {logging_mixin.py:188} INFO - [2025-08-05T11:49:46.897+0000] {dag.py:3096} INFO - Sync 1 DAGs
[2025-08-05T11:49:46.914+0000] {logging_mixin.py:188} INFO - [2025-08-05T11:49:46.914+0000] {dag.py:3954} INFO - Setting next_dagrun for Premier_dag to None, run_after=None
[2025-08-05T11:49:46.938+0000] {processor.py:183} INFO - Processing /opt/airflow/dags/PremierDagLake.py took 0.107 seconds
