[2025-08-07T23:10:11.614+0000] {processor.py:161} INFO - Started process (PID=29) to work on /opt/airflow/dags/PremierDagLake.py
[2025-08-07T23:10:11.616+0000] {processor.py:830} INFO - Processing file /opt/airflow/dags/PremierDagLake.py for tasks to queue
[2025-08-07T23:10:11.621+0000] {logging_mixin.py:188} INFO - [2025-08-07T23:10:11.620+0000] {dagbag.py:540} INFO - Filling up the DagBag from /opt/airflow/dags/PremierDagLake.py
[2025-08-07T23:10:11.658+0000] {processor.py:840} INFO - DAG(s) 'Premier_dag' retrieved from /opt/airflow/dags/PremierDagLake.py
[2025-08-07T23:10:11.718+0000] {logging_mixin.py:188} INFO - [2025-08-07T23:10:11.717+0000] {dag.py:3096} INFO - Sync 1 DAGs
[2025-08-07T23:10:11.742+0000] {logging_mixin.py:188} INFO - [2025-08-07T23:10:11.742+0000] {dag.py:3954} INFO - Setting next_dagrun for Premier_dag to None, run_after=None
[2025-08-07T23:10:11.771+0000] {processor.py:183} INFO - Processing /opt/airflow/dags/PremierDagLake.py took 0.173 seconds
[2025-08-07T23:10:41.852+0000] {processor.py:161} INFO - Started process (PID=30) to work on /opt/airflow/dags/PremierDagLake.py
[2025-08-07T23:10:41.853+0000] {processor.py:830} INFO - Processing file /opt/airflow/dags/PremierDagLake.py for tasks to queue
[2025-08-07T23:10:41.855+0000] {logging_mixin.py:188} INFO - [2025-08-07T23:10:41.855+0000] {dagbag.py:540} INFO - Filling up the DagBag from /opt/airflow/dags/PremierDagLake.py
[2025-08-07T23:10:41.867+0000] {processor.py:840} INFO - DAG(s) 'Premier_dag' retrieved from /opt/airflow/dags/PremierDagLake.py
[2025-08-07T23:10:42.192+0000] {logging_mixin.py:188} INFO - [2025-08-07T23:10:42.191+0000] {dag.py:3096} INFO - Sync 1 DAGs
[2025-08-07T23:10:42.207+0000] {logging_mixin.py:188} INFO - [2025-08-07T23:10:42.206+0000] {dag.py:3954} INFO - Setting next_dagrun for Premier_dag to None, run_after=None
[2025-08-07T23:10:42.234+0000] {processor.py:183} INFO - Processing /opt/airflow/dags/PremierDagLake.py took 0.390 seconds
[2025-08-07T23:11:12.431+0000] {processor.py:161} INFO - Started process (PID=31) to work on /opt/airflow/dags/PremierDagLake.py
[2025-08-07T23:11:12.432+0000] {processor.py:830} INFO - Processing file /opt/airflow/dags/PremierDagLake.py for tasks to queue
[2025-08-07T23:11:12.435+0000] {logging_mixin.py:188} INFO - [2025-08-07T23:11:12.434+0000] {dagbag.py:540} INFO - Filling up the DagBag from /opt/airflow/dags/PremierDagLake.py
[2025-08-07T23:11:12.445+0000] {processor.py:840} INFO - DAG(s) 'Premier_dag' retrieved from /opt/airflow/dags/PremierDagLake.py
[2025-08-07T23:11:12.485+0000] {logging_mixin.py:188} INFO - [2025-08-07T23:11:12.484+0000] {dag.py:3096} INFO - Sync 1 DAGs
[2025-08-07T23:11:12.502+0000] {logging_mixin.py:188} INFO - [2025-08-07T23:11:12.502+0000] {dag.py:3954} INFO - Setting next_dagrun for Premier_dag to None, run_after=None
[2025-08-07T23:11:12.528+0000] {processor.py:183} INFO - Processing /opt/airflow/dags/PremierDagLake.py took 0.106 seconds
[2025-08-07T23:11:42.617+0000] {processor.py:161} INFO - Started process (PID=32) to work on /opt/airflow/dags/PremierDagLake.py
[2025-08-07T23:11:42.620+0000] {processor.py:830} INFO - Processing file /opt/airflow/dags/PremierDagLake.py for tasks to queue
[2025-08-07T23:11:42.623+0000] {logging_mixin.py:188} INFO - [2025-08-07T23:11:42.622+0000] {dagbag.py:540} INFO - Filling up the DagBag from /opt/airflow/dags/PremierDagLake.py
[2025-08-07T23:11:42.634+0000] {processor.py:840} INFO - DAG(s) 'Premier_dag' retrieved from /opt/airflow/dags/PremierDagLake.py
[2025-08-07T23:11:42.670+0000] {logging_mixin.py:188} INFO - [2025-08-07T23:11:42.670+0000] {dag.py:3096} INFO - Sync 1 DAGs
[2025-08-07T23:11:42.686+0000] {logging_mixin.py:188} INFO - [2025-08-07T23:11:42.686+0000] {dag.py:3954} INFO - Setting next_dagrun for Premier_dag to None, run_after=None
[2025-08-07T23:11:42.712+0000] {processor.py:183} INFO - Processing /opt/airflow/dags/PremierDagLake.py took 0.106 seconds
[2025-08-07T23:12:12.915+0000] {processor.py:161} INFO - Started process (PID=33) to work on /opt/airflow/dags/PremierDagLake.py
[2025-08-07T23:12:12.918+0000] {processor.py:830} INFO - Processing file /opt/airflow/dags/PremierDagLake.py for tasks to queue
[2025-08-07T23:12:12.921+0000] {logging_mixin.py:188} INFO - [2025-08-07T23:12:12.921+0000] {dagbag.py:540} INFO - Filling up the DagBag from /opt/airflow/dags/PremierDagLake.py
[2025-08-07T23:12:12.937+0000] {processor.py:840} INFO - DAG(s) 'Premier_dag' retrieved from /opt/airflow/dags/PremierDagLake.py
[2025-08-07T23:12:12.986+0000] {logging_mixin.py:188} INFO - [2025-08-07T23:12:12.985+0000] {dag.py:3096} INFO - Sync 1 DAGs
[2025-08-07T23:12:13.002+0000] {logging_mixin.py:188} INFO - [2025-08-07T23:12:13.001+0000] {dag.py:3954} INFO - Setting next_dagrun for Premier_dag to None, run_after=None
[2025-08-07T23:12:13.035+0000] {processor.py:183} INFO - Processing /opt/airflow/dags/PremierDagLake.py took 0.131 seconds
