[2025-08-10T17:19:52.931+0000] {local_task_job_runner.py:120} INFO - ::group::Pre task execution logs
[2025-08-10T17:19:52.972+0000] {taskinstance.py:2073} INFO - Dependencies all met for dep_context=non-requeueable deps ti=<TaskInstance: Premier_dag.end manual__2025-08-10T17:11:56.938499+00:00 [queued]>
[2025-08-10T17:19:52.996+0000] {taskinstance.py:2073} INFO - Dependencies all met for dep_context=requeueable deps ti=<TaskInstance: Premier_dag.end manual__2025-08-10T17:11:56.938499+00:00 [queued]>
[2025-08-10T17:19:52.997+0000] {taskinstance.py:2303} INFO - Starting attempt 1 of 1
[2025-08-10T17:19:53.016+0000] {taskinstance.py:2327} INFO - Executing <Task(BashOperator): end> on 2025-08-10 17:11:56.938499+00:00
[2025-08-10T17:19:53.037+0000] {logging_mixin.py:188} WARNING - /home/***/.local/lib/python3.12/site-packages/***/task/task_runner/standard_task_runner.py:61 DeprecationWarning: This process (pid=220) is multi-threaded, use of fork() may lead to deadlocks in the child.
[2025-08-10T17:19:53.039+0000] {standard_task_runner.py:63} INFO - Started process 233 to run task
[2025-08-10T17:19:53.038+0000] {standard_task_runner.py:90} INFO - Running: ['***', 'tasks', 'run', 'Premier_dag', 'end', 'manual__2025-08-10T17:11:56.938499+00:00', '--job-id', '11', '--raw', '--subdir', 'DAGS_FOLDER/PremierDagLake.py', '--cfg-path', '/tmp/tmpg3goa6ta']
[2025-08-10T17:19:53.042+0000] {standard_task_runner.py:91} INFO - Job 11: Subtask end
[2025-08-10T17:19:53.063+0000] {logging_mixin.py:188} WARNING - /home/***/.local/lib/python3.12/site-packages/***/settings.py:195 DeprecationWarning: The sql_alchemy_conn option in [core] has been moved to the sql_alchemy_conn option in [database] - the old setting has been used, but please update your config.
[2025-08-10T17:19:53.107+0000] {task_command.py:426} INFO - Running <TaskInstance: Premier_dag.end manual__2025-08-10T17:11:56.938499+00:00 [running]> on host 3e28fe91dfcd
[2025-08-10T17:19:53.199+0000] {taskinstance.py:2644} INFO - Exporting env vars: AIRFLOW_CTX_DAG_OWNER='***' AIRFLOW_CTX_DAG_ID='Premier_dag' AIRFLOW_CTX_TASK_ID='end' AIRFLOW_CTX_EXECUTION_DATE='2025-08-10T17:11:56.938499+00:00' AIRFLOW_CTX_TRY_NUMBER='1' AIRFLOW_CTX_DAG_RUN_ID='manual__2025-08-10T17:11:56.938499+00:00'
[2025-08-10T17:19:53.201+0000] {taskinstance.py:430} INFO - ::endgroup::
[2025-08-10T17:19:53.202+0000] {subprocess.py:63} INFO - Tmp dir root location: /tmp
[2025-08-10T17:19:53.203+0000] {subprocess.py:75} INFO - Running command: ['/usr/bin/bash', '-c', 'echo fin - love and peace']
[2025-08-10T17:19:53.223+0000] {subprocess.py:86} INFO - Output:
[2025-08-10T17:19:53.225+0000] {subprocess.py:93} INFO - fin - love and peace
[2025-08-10T17:19:53.226+0000] {subprocess.py:97} INFO - Command exited with return code 0
[2025-08-10T17:19:53.226+0000] {taskinstance.py:441} INFO - ::group::Post task execution logs
[2025-08-10T17:19:53.255+0000] {taskinstance.py:1205} INFO - Marking task as SUCCESS. dag_id=Premier_dag, task_id=end, execution_date=20250810T171156, start_date=20250810T171952, end_date=20250810T171953
[2025-08-10T17:19:53.293+0000] {local_task_job_runner.py:240} INFO - Task exited with return code 0
[2025-08-10T17:19:53.317+0000] {taskinstance.py:3482} INFO - 0 downstream tasks scheduled from follow-on schedule check
[2025-08-10T17:19:53.319+0000] {local_task_job_runner.py:222} INFO - ::endgroup::
