[2025-07-30T12:19:36.958+0000] {local_task_job_runner.py:120} INFO - ::group::Pre task execution logs
[2025-07-30T12:19:37.079+0000] {taskinstance.py:2073} INFO - Dependencies all met for dep_context=non-requeueable deps ti=<TaskInstance: Premier_dag.end manual__2025-07-30T11:55:40.395326+00:00 [queued]>
[2025-07-30T12:19:37.087+0000] {taskinstance.py:2073} INFO - Dependencies all met for dep_context=requeueable deps ti=<TaskInstance: Premier_dag.end manual__2025-07-30T11:55:40.395326+00:00 [queued]>
[2025-07-30T12:19:37.088+0000] {taskinstance.py:2303} INFO - Starting attempt 1 of 1
[2025-07-30T12:19:37.097+0000] {taskinstance.py:2327} INFO - Executing <Task(BashOperator): end> on 2025-07-30 11:55:40.395326+00:00
[2025-07-30T12:19:37.101+0000] {standard_task_runner.py:63} INFO - Started process 248 to run task
[2025-07-30T12:19:37.104+0000] {standard_task_runner.py:90} INFO - Running: ['***', 'tasks', 'run', 'Premier_dag', 'end', 'manual__2025-07-30T11:55:40.395326+00:00', '--job-id', '13', '--raw', '--subdir', 'DAGS_FOLDER/PremierDagLake.py', '--cfg-path', '/tmp/tmpwivnq_2a']
[2025-07-30T12:19:37.106+0000] {standard_task_runner.py:91} INFO - Job 13: Subtask end
[2025-07-30T12:19:37.124+0000] {logging_mixin.py:188} WARNING - /home/***/.local/lib/python3.12/site-packages/***/settings.py:195 DeprecationWarning: The sql_alchemy_conn option in [core] has been moved to the sql_alchemy_conn option in [database] - the old setting has been used, but please update your config.
[2025-07-30T12:19:37.164+0000] {task_command.py:426} INFO - Running <TaskInstance: Premier_dag.end manual__2025-07-30T11:55:40.395326+00:00 [running]> on host efcfcf1ad359
[2025-07-30T12:19:37.261+0000] {taskinstance.py:2644} INFO - Exporting env vars: AIRFLOW_CTX_DAG_OWNER='***' AIRFLOW_CTX_DAG_ID='Premier_dag' AIRFLOW_CTX_TASK_ID='end' AIRFLOW_CTX_EXECUTION_DATE='2025-07-30T11:55:40.395326+00:00' AIRFLOW_CTX_TRY_NUMBER='1' AIRFLOW_CTX_DAG_RUN_ID='manual__2025-07-30T11:55:40.395326+00:00'
[2025-07-30T12:19:37.262+0000] {taskinstance.py:430} INFO - ::endgroup::
[2025-07-30T12:19:37.263+0000] {subprocess.py:63} INFO - Tmp dir root location: /tmp
[2025-07-30T12:19:37.263+0000] {subprocess.py:75} INFO - Running command: ['/usr/bin/bash', '-c', 'echo fin - love and peace']
[2025-07-30T12:19:37.276+0000] {subprocess.py:86} INFO - Output:
[2025-07-30T12:19:37.278+0000] {subprocess.py:93} INFO - fin - love and peace
[2025-07-30T12:19:37.279+0000] {subprocess.py:97} INFO - Command exited with return code 0
[2025-07-30T12:19:37.280+0000] {taskinstance.py:441} INFO - ::group::Post task execution logs
[2025-07-30T12:19:37.310+0000] {taskinstance.py:1205} INFO - Marking task as SUCCESS. dag_id=Premier_dag, task_id=end, execution_date=20250730T115540, start_date=20250730T121937, end_date=20250730T121937
[2025-07-30T12:19:37.356+0000] {local_task_job_runner.py:240} INFO - Task exited with return code 0
[2025-07-30T12:19:37.373+0000] {taskinstance.py:3482} INFO - 0 downstream tasks scheduled from follow-on schedule check
[2025-07-30T12:19:37.375+0000] {local_task_job_runner.py:222} INFO - ::endgroup::
