[2025-08-08T19:08:32.267+0000] {local_task_job_runner.py:120} INFO - ::group::Pre task execution logs
[2025-08-08T19:08:32.375+0000] {taskinstance.py:2073} INFO - Dependencies all met for dep_context=non-requeueable deps ti=<TaskInstance: Premier_dag.end manual__2025-08-08T19:00:50.975333+00:00 [queued]>
[2025-08-08T19:08:32.383+0000] {taskinstance.py:2073} INFO - Dependencies all met for dep_context=requeueable deps ti=<TaskInstance: Premier_dag.end manual__2025-08-08T19:00:50.975333+00:00 [queued]>
[2025-08-08T19:08:32.383+0000] {taskinstance.py:2303} INFO - Starting attempt 1 of 1
[2025-08-08T19:08:32.392+0000] {taskinstance.py:2327} INFO - Executing <Task(BashOperator): end> on 2025-08-08 19:00:50.975333+00:00
[2025-08-08T19:08:32.396+0000] {standard_task_runner.py:63} INFO - Started process 104 to run task
[2025-08-08T19:08:32.399+0000] {standard_task_runner.py:90} INFO - Running: ['***', 'tasks', 'run', 'Premier_dag', 'end', 'manual__2025-08-08T19:00:50.975333+00:00', '--job-id', '5', '--raw', '--subdir', 'DAGS_FOLDER/PremierDagLake.py', '--cfg-path', '/tmp/tmpgudhb2td']
[2025-08-08T19:08:32.400+0000] {standard_task_runner.py:91} INFO - Job 5: Subtask end
[2025-08-08T19:08:32.414+0000] {logging_mixin.py:188} WARNING - /home/***/.local/lib/python3.12/site-packages/***/settings.py:195 DeprecationWarning: The sql_alchemy_conn option in [core] has been moved to the sql_alchemy_conn option in [database] - the old setting has been used, but please update your config.
[2025-08-08T19:08:32.456+0000] {task_command.py:426} INFO - Running <TaskInstance: Premier_dag.end manual__2025-08-08T19:00:50.975333+00:00 [running]> on host b329a7520571
[2025-08-08T19:08:32.556+0000] {taskinstance.py:2644} INFO - Exporting env vars: AIRFLOW_CTX_DAG_OWNER='***' AIRFLOW_CTX_DAG_ID='Premier_dag' AIRFLOW_CTX_TASK_ID='end' AIRFLOW_CTX_EXECUTION_DATE='2025-08-08T19:00:50.975333+00:00' AIRFLOW_CTX_TRY_NUMBER='1' AIRFLOW_CTX_DAG_RUN_ID='manual__2025-08-08T19:00:50.975333+00:00'
[2025-08-08T19:08:32.557+0000] {taskinstance.py:430} INFO - ::endgroup::
[2025-08-08T19:08:32.558+0000] {subprocess.py:63} INFO - Tmp dir root location: /tmp
[2025-08-08T19:08:32.559+0000] {subprocess.py:75} INFO - Running command: ['/usr/bin/bash', '-c', 'echo fin - love and peace']
[2025-08-08T19:08:32.574+0000] {subprocess.py:86} INFO - Output:
[2025-08-08T19:08:32.576+0000] {subprocess.py:93} INFO - fin - love and peace
[2025-08-08T19:08:32.576+0000] {subprocess.py:97} INFO - Command exited with return code 0
[2025-08-08T19:08:32.577+0000] {taskinstance.py:441} INFO - ::group::Post task execution logs
[2025-08-08T19:08:32.609+0000] {taskinstance.py:1205} INFO - Marking task as SUCCESS. dag_id=Premier_dag, task_id=end, execution_date=20250808T190050, start_date=20250808T190832, end_date=20250808T190832
[2025-08-08T19:08:32.650+0000] {local_task_job_runner.py:240} INFO - Task exited with return code 0
[2025-08-08T19:08:32.674+0000] {taskinstance.py:3482} INFO - 0 downstream tasks scheduled from follow-on schedule check
[2025-08-08T19:08:32.675+0000] {local_task_job_runner.py:222} INFO - ::endgroup::
