[2025-08-08T20:02:31.084+0000] {local_task_job_runner.py:120} INFO - ::group::Pre task execution logs
[2025-08-08T20:02:31.193+0000] {taskinstance.py:2073} INFO - Dependencies all met for dep_context=non-requeueable deps ti=<TaskInstance: Premier_dag.premier_Etape manual__2025-08-08T20:02:27.753054+00:00 [queued]>
[2025-08-08T20:02:31.206+0000] {taskinstance.py:2073} INFO - Dependencies all met for dep_context=requeueable deps ti=<TaskInstance: Premier_dag.premier_Etape manual__2025-08-08T20:02:27.753054+00:00 [queued]>
[2025-08-08T20:02:31.206+0000] {taskinstance.py:2303} INFO - Starting attempt 1 of 1
[2025-08-08T20:02:31.224+0000] {taskinstance.py:2327} INFO - Executing <Task(BashOperator): premier_Etape> on 2025-08-08 20:02:27.753054+00:00
[2025-08-08T20:02:31.232+0000] {standard_task_runner.py:63} INFO - Started process 45 to run task
[2025-08-08T20:02:31.236+0000] {standard_task_runner.py:90} INFO - Running: ['***', 'tasks', 'run', 'Premier_dag', 'premier_Etape', 'manual__2025-08-08T20:02:27.753054+00:00', '--job-id', '2', '--raw', '--subdir', 'DAGS_FOLDER/PremierDagLake.py', '--cfg-path', '/tmp/tmpcj1879ft']
[2025-08-08T20:02:31.238+0000] {standard_task_runner.py:91} INFO - Job 2: Subtask premier_Etape
[2025-08-08T20:02:31.254+0000] {logging_mixin.py:188} WARNING - /home/***/.local/lib/python3.12/site-packages/***/settings.py:195 DeprecationWarning: The sql_alchemy_conn option in [core] has been moved to the sql_alchemy_conn option in [database] - the old setting has been used, but please update your config.
[2025-08-08T20:02:31.291+0000] {task_command.py:426} INFO - Running <TaskInstance: Premier_dag.premier_Etape manual__2025-08-08T20:02:27.753054+00:00 [running]> on host abf1cfc47773
[2025-08-08T20:02:31.404+0000] {taskinstance.py:2644} INFO - Exporting env vars: AIRFLOW_CTX_DAG_OWNER='***' AIRFLOW_CTX_DAG_ID='Premier_dag' AIRFLOW_CTX_TASK_ID='premier_Etape' AIRFLOW_CTX_EXECUTION_DATE='2025-08-08T20:02:27.753054+00:00' AIRFLOW_CTX_TRY_NUMBER='1' AIRFLOW_CTX_DAG_RUN_ID='manual__2025-08-08T20:02:27.753054+00:00'
[2025-08-08T20:02:31.405+0000] {taskinstance.py:430} INFO - ::endgroup::
[2025-08-08T20:02:31.406+0000] {subprocess.py:63} INFO - Tmp dir root location: /tmp
[2025-08-08T20:02:31.407+0000] {subprocess.py:75} INFO - Running command: ['/usr/bin/bash', '-c', 'echo Pipeline de cette semaine -offre a tenter sa chance dans la semaine']
[2025-08-08T20:02:31.418+0000] {subprocess.py:86} INFO - Output:
[2025-08-08T20:02:31.419+0000] {subprocess.py:93} INFO - Pipeline de cette semaine -offre a tenter sa chance dans la semaine
[2025-08-08T20:02:31.419+0000] {subprocess.py:97} INFO - Command exited with return code 0
[2025-08-08T20:02:31.420+0000] {taskinstance.py:441} INFO - ::group::Post task execution logs
[2025-08-08T20:02:31.467+0000] {taskinstance.py:1205} INFO - Marking task as SUCCESS. dag_id=Premier_dag, task_id=premier_Etape, execution_date=20250808T200227, start_date=20250808T200231, end_date=20250808T200231
[2025-08-08T20:02:31.529+0000] {local_task_job_runner.py:240} INFO - Task exited with return code 0
[2025-08-08T20:02:31.565+0000] {taskinstance.py:3482} INFO - 2 downstream tasks scheduled from follow-on schedule check
[2025-08-08T20:02:31.566+0000] {local_task_job_runner.py:222} INFO - ::endgroup::
