[2025-07-30T11:49:18.227+0000] {local_task_job_runner.py:120} INFO - ::group::Pre task execution logs
[2025-07-30T11:49:18.387+0000] {taskinstance.py:2073} INFO - Dependencies all met for dep_context=non-requeueable deps ti=<TaskInstance: Premier_dag.end manual__2025-07-30T11:41:19.002809+00:00 [queued]>
[2025-07-30T11:49:18.402+0000] {taskinstance.py:2073} INFO - Dependencies all met for dep_context=requeueable deps ti=<TaskInstance: Premier_dag.end manual__2025-07-30T11:41:19.002809+00:00 [queued]>
[2025-07-30T11:49:18.402+0000] {taskinstance.py:2303} INFO - Starting attempt 1 of 1
[2025-07-30T11:49:18.423+0000] {taskinstance.py:2327} INFO - Executing <Task(BashOperator): end> on 2025-07-30 11:41:19.002809+00:00
[2025-07-30T11:49:18.430+0000] {standard_task_runner.py:63} INFO - Started process 106 to run task
[2025-07-30T11:49:18.433+0000] {standard_task_runner.py:90} INFO - Running: ['***', 'tasks', 'run', 'Premier_dag', 'end', 'manual__2025-07-30T11:41:19.002809+00:00', '--job-id', '5', '--raw', '--subdir', 'DAGS_FOLDER/PremierDagLake.py', '--cfg-path', '/tmp/tmpt2lmz9oc']
[2025-07-30T11:49:18.436+0000] {standard_task_runner.py:91} INFO - Job 5: Subtask end
[2025-07-30T11:49:18.454+0000] {logging_mixin.py:188} WARNING - /home/***/.local/lib/python3.12/site-packages/***/settings.py:195 DeprecationWarning: The sql_alchemy_conn option in [core] has been moved to the sql_alchemy_conn option in [database] - the old setting has been used, but please update your config.
[2025-07-30T11:49:18.499+0000] {task_command.py:426} INFO - Running <TaskInstance: Premier_dag.end manual__2025-07-30T11:41:19.002809+00:00 [running]> on host 77485525e884
[2025-07-30T11:49:18.628+0000] {taskinstance.py:2644} INFO - Exporting env vars: AIRFLOW_CTX_DAG_OWNER='***' AIRFLOW_CTX_DAG_ID='Premier_dag' AIRFLOW_CTX_TASK_ID='end' AIRFLOW_CTX_EXECUTION_DATE='2025-07-30T11:41:19.002809+00:00' AIRFLOW_CTX_TRY_NUMBER='1' AIRFLOW_CTX_DAG_RUN_ID='manual__2025-07-30T11:41:19.002809+00:00'
[2025-07-30T11:49:18.630+0000] {taskinstance.py:430} INFO - ::endgroup::
[2025-07-30T11:49:18.631+0000] {subprocess.py:63} INFO - Tmp dir root location: /tmp
[2025-07-30T11:49:18.632+0000] {subprocess.py:75} INFO - Running command: ['/usr/bin/bash', '-c', 'echo fin - love and peace']
[2025-07-30T11:49:18.649+0000] {subprocess.py:86} INFO - Output:
[2025-07-30T11:49:18.652+0000] {subprocess.py:93} INFO - fin - love and peace
[2025-07-30T11:49:18.653+0000] {subprocess.py:97} INFO - Command exited with return code 0
[2025-07-30T11:49:18.654+0000] {taskinstance.py:441} INFO - ::group::Post task execution logs
[2025-07-30T11:49:18.703+0000] {taskinstance.py:1205} INFO - Marking task as SUCCESS. dag_id=Premier_dag, task_id=end, execution_date=20250730T114119, start_date=20250730T114918, end_date=20250730T114918
[2025-07-30T11:49:18.766+0000] {local_task_job_runner.py:240} INFO - Task exited with return code 0
[2025-07-30T11:49:18.796+0000] {taskinstance.py:3482} INFO - 0 downstream tasks scheduled from follow-on schedule check
[2025-07-30T11:49:18.798+0000] {local_task_job_runner.py:222} INFO - ::endgroup::
