[2025-08-09T00:06:36.167+0000] {processor.py:161} INFO - Started process (PID=29) to work on /opt/airflow/dags/PremierDagLake.py
[2025-08-09T00:06:36.168+0000] {processor.py:830} INFO - Processing file /opt/airflow/dags/PremierDagLake.py for tasks to queue
[2025-08-09T00:06:36.171+0000] {logging_mixin.py:188} INFO - [2025-08-09T00:06:36.170+0000] {dagbag.py:540} INFO - Filling up the DagBag from /opt/airflow/dags/PremierDagLake.py
[2025-08-09T00:06:36.190+0000] {processor.py:840} INFO - DAG(s) 'Premier_dag' retrieved from /opt/airflow/dags/PremierDagLake.py
[2025-08-09T00:06:36.227+0000] {logging_mixin.py:188} INFO - [2025-08-09T00:06:36.227+0000] {dag.py:3096} INFO - Sync 1 DAGs
[2025-08-09T00:06:36.253+0000] {logging_mixin.py:188} INFO - [2025-08-09T00:06:36.253+0000] {dag.py:3954} INFO - Setting next_dagrun for Premier_dag to None, run_after=None
[2025-08-09T00:06:36.283+0000] {processor.py:183} INFO - Processing /opt/airflow/dags/PremierDagLake.py took 0.123 seconds
[2025-08-09T00:07:06.391+0000] {processor.py:161} INFO - Started process (PID=30) to work on /opt/airflow/dags/PremierDagLake.py
[2025-08-09T00:07:06.392+0000] {processor.py:830} INFO - Processing file /opt/airflow/dags/PremierDagLake.py for tasks to queue
[2025-08-09T00:07:06.395+0000] {logging_mixin.py:188} INFO - [2025-08-09T00:07:06.395+0000] {dagbag.py:540} INFO - Filling up the DagBag from /opt/airflow/dags/PremierDagLake.py
[2025-08-09T00:07:06.410+0000] {processor.py:840} INFO - DAG(s) 'Premier_dag' retrieved from /opt/airflow/dags/PremierDagLake.py
[2025-08-09T00:07:06.760+0000] {logging_mixin.py:188} INFO - [2025-08-09T00:07:06.760+0000] {dag.py:3096} INFO - Sync 1 DAGs
[2025-08-09T00:07:06.772+0000] {logging_mixin.py:188} INFO - [2025-08-09T00:07:06.772+0000] {dag.py:3954} INFO - Setting next_dagrun for Premier_dag to None, run_after=None
[2025-08-09T00:07:06.796+0000] {processor.py:183} INFO - Processing /opt/airflow/dags/PremierDagLake.py took 0.416 seconds
[2025-08-09T00:07:37.001+0000] {processor.py:161} INFO - Started process (PID=31) to work on /opt/airflow/dags/PremierDagLake.py
[2025-08-09T00:07:37.002+0000] {processor.py:830} INFO - Processing file /opt/airflow/dags/PremierDagLake.py for tasks to queue
[2025-08-09T00:07:37.005+0000] {logging_mixin.py:188} INFO - [2025-08-09T00:07:37.005+0000] {dagbag.py:540} INFO - Filling up the DagBag from /opt/airflow/dags/PremierDagLake.py
[2025-08-09T00:07:37.019+0000] {processor.py:840} INFO - DAG(s) 'Premier_dag' retrieved from /opt/airflow/dags/PremierDagLake.py
[2025-08-09T00:07:37.057+0000] {logging_mixin.py:188} INFO - [2025-08-09T00:07:37.057+0000] {dag.py:3096} INFO - Sync 1 DAGs
[2025-08-09T00:07:37.072+0000] {logging_mixin.py:188} INFO - [2025-08-09T00:07:37.071+0000] {dag.py:3954} INFO - Setting next_dagrun for Premier_dag to None, run_after=None
[2025-08-09T00:07:37.099+0000] {processor.py:183} INFO - Processing /opt/airflow/dags/PremierDagLake.py took 0.106 seconds
[2025-08-09T00:08:07.189+0000] {processor.py:161} INFO - Started process (PID=32) to work on /opt/airflow/dags/PremierDagLake.py
[2025-08-09T00:08:07.190+0000] {processor.py:830} INFO - Processing file /opt/airflow/dags/PremierDagLake.py for tasks to queue
[2025-08-09T00:08:07.193+0000] {logging_mixin.py:188} INFO - [2025-08-09T00:08:07.192+0000] {dagbag.py:540} INFO - Filling up the DagBag from /opt/airflow/dags/PremierDagLake.py
[2025-08-09T00:08:07.203+0000] {processor.py:840} INFO - DAG(s) 'Premier_dag' retrieved from /opt/airflow/dags/PremierDagLake.py
[2025-08-09T00:08:07.249+0000] {logging_mixin.py:188} INFO - [2025-08-09T00:08:07.248+0000] {dag.py:3096} INFO - Sync 1 DAGs
[2025-08-09T00:08:07.276+0000] {logging_mixin.py:188} INFO - [2025-08-09T00:08:07.276+0000] {dag.py:3954} INFO - Setting next_dagrun for Premier_dag to None, run_after=None
[2025-08-09T00:08:07.307+0000] {processor.py:183} INFO - Processing /opt/airflow/dags/PremierDagLake.py took 0.126 seconds
[2025-08-09T00:08:37.455+0000] {processor.py:161} INFO - Started process (PID=33) to work on /opt/airflow/dags/PremierDagLake.py
[2025-08-09T00:08:37.457+0000] {processor.py:830} INFO - Processing file /opt/airflow/dags/PremierDagLake.py for tasks to queue
[2025-08-09T00:08:37.462+0000] {logging_mixin.py:188} INFO - [2025-08-09T00:08:37.459+0000] {dagbag.py:540} INFO - Filling up the DagBag from /opt/airflow/dags/PremierDagLake.py
[2025-08-09T00:08:37.482+0000] {processor.py:840} INFO - DAG(s) 'Premier_dag' retrieved from /opt/airflow/dags/PremierDagLake.py
[2025-08-09T00:08:37.500+0000] {logging_mixin.py:188} INFO - [2025-08-09T00:08:37.500+0000] {dag.py:3096} INFO - Sync 1 DAGs
[2025-08-09T00:08:37.517+0000] {logging_mixin.py:188} INFO - [2025-08-09T00:08:37.517+0000] {dag.py:3954} INFO - Setting next_dagrun for Premier_dag to None, run_after=None
[2025-08-09T00:08:37.543+0000] {processor.py:183} INFO - Processing /opt/airflow/dags/PremierDagLake.py took 0.098 seconds
[2025-08-09T00:09:07.656+0000] {processor.py:161} INFO - Started process (PID=34) to work on /opt/airflow/dags/PremierDagLake.py
[2025-08-09T00:09:07.657+0000] {processor.py:830} INFO - Processing file /opt/airflow/dags/PremierDagLake.py for tasks to queue
[2025-08-09T00:09:07.661+0000] {logging_mixin.py:188} INFO - [2025-08-09T00:09:07.660+0000] {dagbag.py:540} INFO - Filling up the DagBag from /opt/airflow/dags/PremierDagLake.py
[2025-08-09T00:09:07.678+0000] {processor.py:840} INFO - DAG(s) 'Premier_dag' retrieved from /opt/airflow/dags/PremierDagLake.py
[2025-08-09T00:09:07.840+0000] {logging_mixin.py:188} INFO - [2025-08-09T00:09:07.839+0000] {dag.py:3096} INFO - Sync 1 DAGs
[2025-08-09T00:09:07.852+0000] {logging_mixin.py:188} INFO - [2025-08-09T00:09:07.852+0000] {dag.py:3954} INFO - Setting next_dagrun for Premier_dag to None, run_after=None
[2025-08-09T00:09:07.878+0000] {processor.py:183} INFO - Processing /opt/airflow/dags/PremierDagLake.py took 0.232 seconds
[2025-08-09T00:09:37.937+0000] {processor.py:161} INFO - Started process (PID=35) to work on /opt/airflow/dags/PremierDagLake.py
[2025-08-09T00:09:37.938+0000] {processor.py:830} INFO - Processing file /opt/airflow/dags/PremierDagLake.py for tasks to queue
[2025-08-09T00:09:37.942+0000] {logging_mixin.py:188} INFO - [2025-08-09T00:09:37.941+0000] {dagbag.py:540} INFO - Filling up the DagBag from /opt/airflow/dags/PremierDagLake.py
[2025-08-09T00:09:37.957+0000] {processor.py:840} INFO - DAG(s) 'Premier_dag' retrieved from /opt/airflow/dags/PremierDagLake.py
[2025-08-09T00:09:38.003+0000] {logging_mixin.py:188} INFO - [2025-08-09T00:09:38.002+0000] {dag.py:3096} INFO - Sync 1 DAGs
[2025-08-09T00:09:38.026+0000] {logging_mixin.py:188} INFO - [2025-08-09T00:09:38.026+0000] {dag.py:3954} INFO - Setting next_dagrun for Premier_dag to None, run_after=None
[2025-08-09T00:09:38.054+0000] {processor.py:183} INFO - Processing /opt/airflow/dags/PremierDagLake.py took 0.129 seconds
[2025-08-09T00:10:08.229+0000] {processor.py:161} INFO - Started process (PID=36) to work on /opt/airflow/dags/PremierDagLake.py
[2025-08-09T00:10:08.231+0000] {processor.py:830} INFO - Processing file /opt/airflow/dags/PremierDagLake.py for tasks to queue
[2025-08-09T00:10:08.234+0000] {logging_mixin.py:188} INFO - [2025-08-09T00:10:08.233+0000] {dagbag.py:540} INFO - Filling up the DagBag from /opt/airflow/dags/PremierDagLake.py
[2025-08-09T00:10:08.245+0000] {processor.py:840} INFO - DAG(s) 'Premier_dag' retrieved from /opt/airflow/dags/PremierDagLake.py
[2025-08-09T00:10:08.262+0000] {logging_mixin.py:188} INFO - [2025-08-09T00:10:08.261+0000] {dag.py:3096} INFO - Sync 1 DAGs
[2025-08-09T00:10:08.281+0000] {logging_mixin.py:188} INFO - [2025-08-09T00:10:08.281+0000] {dag.py:3954} INFO - Setting next_dagrun for Premier_dag to None, run_after=None
[2025-08-09T00:10:08.309+0000] {processor.py:183} INFO - Processing /opt/airflow/dags/PremierDagLake.py took 0.089 seconds
[2025-08-09T00:10:41.977+0000] {processor.py:161} INFO - Started process (PID=29) to work on /opt/airflow/dags/PremierDagLake.py
[2025-08-09T00:10:41.978+0000] {processor.py:830} INFO - Processing file /opt/airflow/dags/PremierDagLake.py for tasks to queue
[2025-08-09T00:10:41.982+0000] {logging_mixin.py:188} INFO - [2025-08-09T00:10:41.981+0000] {dagbag.py:540} INFO - Filling up the DagBag from /opt/airflow/dags/PremierDagLake.py
[2025-08-09T00:10:41.996+0000] {processor.py:840} INFO - DAG(s) 'Premier_dag' retrieved from /opt/airflow/dags/PremierDagLake.py
[2025-08-09T00:10:42.030+0000] {logging_mixin.py:188} INFO - [2025-08-09T00:10:42.029+0000] {dag.py:3096} INFO - Sync 1 DAGs
[2025-08-09T00:10:42.053+0000] {logging_mixin.py:188} INFO - [2025-08-09T00:10:42.052+0000] {dag.py:3954} INFO - Setting next_dagrun for Premier_dag to None, run_after=None
[2025-08-09T00:10:42.080+0000] {processor.py:183} INFO - Processing /opt/airflow/dags/PremierDagLake.py took 0.112 seconds
[2025-08-09T00:11:12.222+0000] {processor.py:161} INFO - Started process (PID=30) to work on /opt/airflow/dags/PremierDagLake.py
[2025-08-09T00:11:12.225+0000] {processor.py:830} INFO - Processing file /opt/airflow/dags/PremierDagLake.py for tasks to queue
[2025-08-09T00:11:12.228+0000] {logging_mixin.py:188} INFO - [2025-08-09T00:11:12.228+0000] {dagbag.py:540} INFO - Filling up the DagBag from /opt/airflow/dags/PremierDagLake.py
[2025-08-09T00:11:12.244+0000] {processor.py:840} INFO - DAG(s) 'Premier_dag' retrieved from /opt/airflow/dags/PremierDagLake.py
[2025-08-09T00:11:12.382+0000] {logging_mixin.py:188} INFO - [2025-08-09T00:11:12.382+0000] {dag.py:3096} INFO - Sync 1 DAGs
[2025-08-09T00:11:12.395+0000] {logging_mixin.py:188} INFO - [2025-08-09T00:11:12.394+0000] {dag.py:3954} INFO - Setting next_dagrun for Premier_dag to None, run_after=None
[2025-08-09T00:11:12.420+0000] {processor.py:183} INFO - Processing /opt/airflow/dags/PremierDagLake.py took 0.209 seconds
[2025-08-09T00:11:42.452+0000] {processor.py:161} INFO - Started process (PID=31) to work on /opt/airflow/dags/PremierDagLake.py
[2025-08-09T00:11:42.454+0000] {processor.py:830} INFO - Processing file /opt/airflow/dags/PremierDagLake.py for tasks to queue
[2025-08-09T00:11:42.460+0000] {logging_mixin.py:188} INFO - [2025-08-09T00:11:42.458+0000] {dagbag.py:540} INFO - Filling up the DagBag from /opt/airflow/dags/PremierDagLake.py
[2025-08-09T00:11:42.483+0000] {processor.py:840} INFO - DAG(s) 'Premier_dag' retrieved from /opt/airflow/dags/PremierDagLake.py
[2025-08-09T00:11:42.529+0000] {logging_mixin.py:188} INFO - [2025-08-09T00:11:42.529+0000] {dag.py:3096} INFO - Sync 1 DAGs
[2025-08-09T00:11:42.543+0000] {logging_mixin.py:188} INFO - [2025-08-09T00:11:42.543+0000] {dag.py:3954} INFO - Setting next_dagrun for Premier_dag to None, run_after=None
[2025-08-09T00:11:42.567+0000] {processor.py:183} INFO - Processing /opt/airflow/dags/PremierDagLake.py took 0.124 seconds
[2025-08-09T00:12:12.635+0000] {processor.py:161} INFO - Started process (PID=32) to work on /opt/airflow/dags/PremierDagLake.py
[2025-08-09T00:12:12.636+0000] {processor.py:830} INFO - Processing file /opt/airflow/dags/PremierDagLake.py for tasks to queue
[2025-08-09T00:12:12.639+0000] {logging_mixin.py:188} INFO - [2025-08-09T00:12:12.639+0000] {dagbag.py:540} INFO - Filling up the DagBag from /opt/airflow/dags/PremierDagLake.py
[2025-08-09T00:12:12.652+0000] {processor.py:840} INFO - DAG(s) 'Premier_dag' retrieved from /opt/airflow/dags/PremierDagLake.py
[2025-08-09T00:12:12.692+0000] {logging_mixin.py:188} INFO - [2025-08-09T00:12:12.692+0000] {dag.py:3096} INFO - Sync 1 DAGs
[2025-08-09T00:12:12.711+0000] {logging_mixin.py:188} INFO - [2025-08-09T00:12:12.711+0000] {dag.py:3954} INFO - Setting next_dagrun for Premier_dag to None, run_after=None
[2025-08-09T00:12:12.735+0000] {processor.py:183} INFO - Processing /opt/airflow/dags/PremierDagLake.py took 0.109 seconds
[2025-08-09T00:12:42.938+0000] {processor.py:161} INFO - Started process (PID=33) to work on /opt/airflow/dags/PremierDagLake.py
[2025-08-09T00:12:42.939+0000] {processor.py:830} INFO - Processing file /opt/airflow/dags/PremierDagLake.py for tasks to queue
[2025-08-09T00:12:42.943+0000] {logging_mixin.py:188} INFO - [2025-08-09T00:12:42.942+0000] {dagbag.py:540} INFO - Filling up the DagBag from /opt/airflow/dags/PremierDagLake.py
[2025-08-09T00:12:42.962+0000] {processor.py:840} INFO - DAG(s) 'Premier_dag' retrieved from /opt/airflow/dags/PremierDagLake.py
[2025-08-09T00:12:43.025+0000] {logging_mixin.py:188} INFO - [2025-08-09T00:12:43.025+0000] {dag.py:3096} INFO - Sync 1 DAGs
[2025-08-09T00:12:43.047+0000] {logging_mixin.py:188} INFO - [2025-08-09T00:12:43.046+0000] {dag.py:3954} INFO - Setting next_dagrun for Premier_dag to None, run_after=None
[2025-08-09T00:12:43.083+0000] {processor.py:183} INFO - Processing /opt/airflow/dags/PremierDagLake.py took 0.156 seconds
[2025-08-09T00:13:13.129+0000] {processor.py:161} INFO - Started process (PID=34) to work on /opt/airflow/dags/PremierDagLake.py
[2025-08-09T00:13:13.131+0000] {processor.py:830} INFO - Processing file /opt/airflow/dags/PremierDagLake.py for tasks to queue
[2025-08-09T00:13:13.134+0000] {logging_mixin.py:188} INFO - [2025-08-09T00:13:13.134+0000] {dagbag.py:540} INFO - Filling up the DagBag from /opt/airflow/dags/PremierDagLake.py
[2025-08-09T00:13:13.146+0000] {processor.py:840} INFO - DAG(s) 'Premier_dag' retrieved from /opt/airflow/dags/PremierDagLake.py
[2025-08-09T00:13:13.191+0000] {logging_mixin.py:188} INFO - [2025-08-09T00:13:13.191+0000] {dag.py:3096} INFO - Sync 1 DAGs
[2025-08-09T00:13:13.220+0000] {logging_mixin.py:188} INFO - [2025-08-09T00:13:13.219+0000] {dag.py:3954} INFO - Setting next_dagrun for Premier_dag to None, run_after=None
[2025-08-09T00:13:13.249+0000] {processor.py:183} INFO - Processing /opt/airflow/dags/PremierDagLake.py took 0.129 seconds
